********************************************************************************
product = WebSphere Application Server 8.5.5.1 (wlp-1.0.4.cl50120131011-1639)
wlp.install.dir = /Users/Omar/Applications/eclipse/plugins/com.worklight.studio.plugin_6.2.0.01-20141027-1531/liberty/wlp/
server.config.dir = /Users/Omar/Documents/workspace/WorklightServerConfig/servers/worklight/
java.home = /System/Library/Java/JavaVirtualMachines/1.6.0.jdk/Contents/Home
java.version = 1.6.0_65
java.runtime = Java(TM) SE Runtime Environment (1.6.0_65-b14-462-11M4609)
os = Mac OS X (10.9.4; x86_64) (en_US)
********************************************************************************
[11/7/14 14:24:58:609 CET] 00000001 com.ibm.ws.logging.internal.TraceSpecification               I TRAS0018I: The trace state has been changed. The new trace state is *=info.
[11/7/14 14:24:58:627 CET] 00000001 com.ibm.ws.kernel.launch.internal.FrameworkManager           A CWWKE0001I: The server worklight has been launched.
[11/7/14 14:25:01:042 CET] 00000001 com.ibm.ws.kernel.launch.internal.FrameworkManager           I CWWKE0002I: The kernel started after 2.607 seconds
[11/7/14 14:25:01:084 CET] 0000001a com.ibm.ws.kernel.feature.internal.FeatureManager            I CWWKF0007I: Feature update started.
[11/7/14 14:25:02:365 CET] 00000013 com.ibm.ws.security.internal.SecurityReadyServiceImpl        I CWWKS0007I: The security service is starting...
[11/7/14 14:25:03:379 CET] 0000001f com.ibm.ws.tcpchannel.internal.TCPChannel                    I CWWKO0219I: TCP Channel defaultHttpEndpoint has been started and is now listening for requests on host *  (IPv6) port 10080.
[11/7/14 14:25:03:402 CET] 0000001f com.ibm.ws.tcpchannel.internal.TCPChannel                    I CWWKO0219I: TCP Channel defaultHttpEndpoint-ssl has been started and is now listening for requests on host *  (IPv6) port 10443.
[11/7/14 14:25:03:927 CET] 00000023 com.ibm.ws.security.internal.SecurityReadyServiceImpl        I CWWKS0008I: The security service is ready.
[11/7/14 14:25:03:932 CET] 00000023 com.ibm.ws.security.token.ltpa.internal.LTPAKeyCreator       I CWWKS4105I: LTPA configuration is ready after 0.319 seconds.
[11/7/14 14:25:04:400 CET] 00000013 com.ibm.ws.app.manager.internal.monitor.DropinMonitor        A CWWKZ0058I: Monitoring dropins for applications. 
[11/7/14 14:25:04:499 CET] 00000016 com.ibm.ws.app.manager.internal.statemachine.StartAction     I CWWKZ0018I: Starting application WorklightConsole.
[11/7/14 14:25:04:844 CET] 00000026 com.ibm.ws.webcontainer.osgi.webapp.WebGroup                 I SRVE0169I: Loading Web Module: IBMJMXConnectorREST.
[11/7/14 14:25:04:844 CET] 00000026 com.ibm.ws.webcontainer                                      I SRVE0250I: Web Module IBMJMXConnectorREST has been bound to default_host.
[11/7/14 14:25:04:848 CET] 00000026 com.ibm.ws.http.internal.VirtualHostImpl                     A CWWKT0016I: Web application available (default_host): http://192.168.1.133:10080/IBMJMXConnectorREST/
[11/7/14 14:25:05:126 CET] 00000026 com.ibm.ws.session.WASSessionCore                            I SESN8501I: The session manager did not find a persistent storage location; HttpSession objects will be stored in the local application server's memory.
[11/7/14 14:25:05:156 CET] 00000026 com.ibm.ws.session.WASSessionCore                            I SESN0176I: A new session context will be created for application key default_host/IBMJMXConnectorREST
[11/7/14 14:25:05:172 CET] 00000026 com.ibm.ws.util                                              I SESN0172I: The session manager is using the Java default SecureRandom implementation for session ID generation.
[11/7/14 14:25:06:241 CET] 00000026 apache.wink.server.internal.application.ApplicationProcessor I The following JAX-RS application has been processed: com.ibm.ws.jaxrs.webcontainer.JAXRSDefaultApplicationSubclassProxy
[11/7/14 14:25:06:256 CET] 00000026 org.apache.wink.server.internal.log.Resources                I The server has registered the JAX-RS resource class com.ibm.ws.jmx.connector.server.rest.resources.FileTransferRouterResource with @Path(/fileTransfer/router/{filePath}).
[11/7/14 14:25:06:256 CET] 00000026 org.apache.wink.server.internal.log.Resources                I The server has registered the JAX-RS resource class com.ibm.ws.jmx.connector.server.rest.resources.AttributeResource with @Path(/mbeans/{objectName}/attributes).
[11/7/14 14:25:06:256 CET] 00000026 org.apache.wink.server.internal.log.Resources                I The server has registered the JAX-RS resource class com.ibm.ws.jmx.connector.server.rest.resources.FileTransferResource with @Path(/fileTransfer/{filePath}).
[11/7/14 14:25:06:256 CET] 00000026 org.apache.wink.server.internal.log.Resources                I The server has registered the JAX-RS resource class com.ibm.ws.jmx.connector.server.rest.resources.NotificationResource with @Path(/notifications).
[11/7/14 14:25:06:257 CET] 00000026 org.apache.wink.server.internal.log.Resources                I The server has registered the JAX-RS resource class com.ibm.ws.jmx.connector.server.rest.resources.MBeanRouterResource with @Path(/router).
[11/7/14 14:25:06:257 CET] 00000026 org.apache.wink.server.internal.log.Resources                I The server has registered the JAX-RS resource class com.ibm.ws.jmx.connector.server.rest.resources.MBeanResource with @Path(/mbeans).
[11/7/14 14:25:06:257 CET] 00000026 org.apache.wink.server.internal.log.Resources                I The server has registered the JAX-RS resource class com.ibm.ws.jmx.connector.server.rest.resources.JMXResource with @Path().
[11/7/14 14:25:06:260 CET] 00000026 org.apache.wink.server.internal.log.Providers                I The class com.ibm.ws.jmx.connector.server.rest.providers.JSONErrorOutputStreamProvider was registered as a JAX-RS MessageBodyWriter provider for com.ibm.ws.jmx.connector.server.rest.providers.JSONErrorOutputStream Java types and application/json media types.
[11/7/14 14:25:06:812 CET] 00000016 com.ibm.ws.webcontainer.osgi.webapp.WebGroup                 I SRVE0169I: Loading Web Module: Worklight Console.
[11/7/14 14:25:06:812 CET] 00000016 com.ibm.ws.webcontainer                                      I SRVE0250I: Web Module Worklight Console has been bound to default_host.
[11/7/14 14:25:06:817 CET] 00000016 com.ibm.ws.http.internal.VirtualHostImpl                     A CWWKT0016I: Web application available (default_host): http://192.168.1.133:10080/worklightconsole/
[11/7/14 14:25:06:914 CET] 00000016 com.ibm.ws.session.WASSessionCore                            I SESN0176I: A new session context will be created for application key default_host/worklightconsole
[11/7/14 14:25:06:914 CET] 00000016 com.ibm.ws.util                                              I SESN0172I: The session manager is using the Java default SecureRandom implementation for session ID generation.
[11/7/14 14:25:06:947 CET] 00000016 com.ibm.ws.webcontainer.servlet                              I SRVE0242I: [WorklightConsole] [/worklightconsole] [servicesServlet]: Initialization successful.
[11/7/14 14:25:07:001 CET] 00000016 com.ibm.ws.app.manager.internal.statemachine.StartAction     A CWWKZ0001I: Application WorklightConsole started in 2.503 seconds.
[11/7/14 14:25:07:026 CET] 00000016 com.ibm.ws.app.manager.internal.statemachine.StartAction     I CWWKZ0018I: Starting application _analytics.
[11/7/14 14:25:07:034 CET] 00000026 com.ibm.ws.webcontainer.servlet                              I SRVE0242I: [com.ibm.ws.jmx.connector.server.rest] [/IBMJMXConnectorREST] [MBeanServerConnector]: Initialization successful.
[11/7/14 14:25:11:228 CET] 00000016 com.ibm.ws.webcontainer.osgi.webapp.WebGroup                 I SRVE0169I: Loading Web Module: analytics.
[11/7/14 14:25:11:228 CET] 00000016 com.ibm.ws.webcontainer                                      I SRVE0250I: Web Module analytics has been bound to default_host.
[11/7/14 14:25:11:229 CET] 00000016 com.ibm.ws.http.internal.VirtualHostImpl                     A CWWKT0016I: Web application available (default_host): http://192.168.1.133:10080/_analytics/
[11/7/14 14:25:11:294 CET] 00000016 com.ibm.ws.injectionengine.AbstractInjectionEngine           W CWNEN0070W: The javax.ws.rs.QueryParam annotation class will not be recognized because it was loaded from the null location rather than from a product class loader.
[11/7/14 14:25:11:294 CET] 00000016 com.ibm.ws.injectionengine.AbstractInjectionEngine           W CWNEN0070W: The javax.ws.rs.HeaderParam annotation class will not be recognized because it was loaded from the null location rather than from a product class loader.
[11/7/14 14:25:11:295 CET] 00000016 com.ibm.ws.injectionengine.AbstractInjectionEngine           W CWNEN0070W: The javax.ws.rs.PathParam annotation class will not be recognized because it was loaded from the null location rather than from a product class loader.
[11/7/14 14:25:11:296 CET] 00000016 com.ibm.ws.injectionengine.AbstractInjectionEngine           W CWNEN0070W: The javax.ws.rs.core.Context annotation class will not be recognized because it was loaded from the null location rather than from a product class loader.
[11/7/14 14:25:11:297 CET] 00000016 com.ibm.ws.injectionengine.AbstractInjectionEngine           W CWNEN0070W: The javax.ws.rs.MatrixParam annotation class will not be recognized because it was loaded from the null location rather than from a product class loader.
[11/7/14 14:25:11:298 CET] 00000016 com.ibm.ws.injectionengine.AbstractInjectionEngine           W CWNEN0070W: The javax.ws.rs.CookieParam annotation class will not be recognized because it was loaded from the null location rather than from a product class loader.
[11/7/14 14:25:11:310 CET] 00000016 com.ibm.ws.session.WASSessionCore                            I SESN0176I: A new session context will be created for application key default_host/_analytics
[11/7/14 14:25:11:310 CET] 00000016 com.ibm.ws.util                                              I SESN0172I: The session manager is using the Java default SecureRandom implementation for session ID generation.
[11/7/14 14:25:11:718 CET] 00000016 com.ibm.ws.app.manager.internal.statemachine.StartAction     A CWWKZ0001I: Application _analytics started in 4.692 seconds.
[11/7/14 14:25:11:723 CET] 00000016 com.ibm.ws.app.manager.internal.statemachine.StartAction     I CWWKZ0018I: Starting application ionicWorklight.
[11/7/14 14:25:11:783 CET] 00000016 com.ibm.ws.webcontainer.osgi.webapp.WebGroup                 I SRVE0169I: Loading Web Module: Worklight.
[11/7/14 14:25:11:783 CET] 00000016 com.ibm.ws.webcontainer                                      I SRVE0250I: Web Module Worklight has been bound to default_host.
[11/7/14 14:25:11:783 CET] 00000016 com.ibm.ws.http.internal.VirtualHostImpl                     A CWWKT0016I: Web application available (default_host): http://192.168.1.133:10080/ionicWorklight/
[11/7/14 14:25:11:793 CET] 00000016 com.ibm.ws.session.WASSessionCore                            I SESN0176I: A new session context will be created for application key default_host/ionicWorklight
[11/7/14 14:25:11:793 CET] 00000016 com.ibm.ws.util                                              I SESN0172I: The session manager is using the Java default SecureRandom implementation for session ID generation.
[11/7/14 14:25:13:598 CET] 00000016 com.worklight.server.bundle.api.WorklightConfiguration       I FWLSE4006I: Worklight Studio is running in 'development' mode. [project ionicWorklight]
[11/7/14 14:25:13:602 CET] 00000030 com.worklight.server.bundle.project.JeeProjectActivator      I FWLST0022I: Worklight project async start = true
[11/7/14 14:25:13:627 CET] 00000016 apache.wink.server.internal.application.ApplicationProcessor I The following JAX-RS application has been processed: com.ibm.ws.jaxrs.webcontainer.JAXRSDefaultApplicationSubclassProxy
[11/7/14 14:25:13:628 CET] 00000016 org.apache.wink.server.internal.log.Resources                I The server has registered the JAX-RS resource class com.worklight.oauth.TokenValidationEndpoint with @Path(/validation).
[11/7/14 14:25:13:628 CET] 00000016 org.apache.wink.server.internal.log.Resources                I The server has registered the JAX-RS resource class com.worklight.oauth.TokenEndpoint with @Path(/token).
[11/7/14 14:25:13:628 CET] 00000016 org.apache.wink.server.internal.log.Providers                I There are no custom JAX-RS providers defined in the application.
[11/7/14 14:25:13:698 CET] 00000016 com.ibm.ws.webcontainer.servlet                              I SRVE0242I: [ionicWorklight] [/ionicWorklight] [AuthorizationServer]: Initialization successful.
[11/7/14 14:25:13:706 CET] 00000016 com.ibm.ws.app.manager.internal.statemachine.StartAction     A CWWKZ0001I: Application ionicWorklight started in 1.983 seconds.
[11/7/14 14:25:13:717 CET] 00000016 com.ibm.ws.app.manager.internal.statemachine.StartAction     I CWWKZ0018I: Starting application _MobileBrowserSimulator.
[11/7/14 14:25:13:794 CET] 00000016 com.ibm.ws.webcontainer.osgi.webapp.WebGroup                 I SRVE0169I: Loading Web Module: _MobileBrowserSimulator.
[11/7/14 14:25:13:794 CET] 00000016 com.ibm.ws.webcontainer                                      I SRVE0250I: Web Module _MobileBrowserSimulator has been bound to default_host.
[11/7/14 14:25:13:794 CET] 00000016 com.ibm.ws.http.internal.VirtualHostImpl                     A CWWKT0016I: Web application available (default_host): http://192.168.1.133:10080/_MobileBrowserSimulator/
[11/7/14 14:25:13:807 CET] 00000030 com.worklight.server.bundle.project.JeeProjectActivator      I FWLST0001I: Worklight home folder is /Users/Omar/Documents/workspace/WorklightServerConfig/servers/worklight/workarea/org.eclipse.osgi/bundles/75/data/temp/default_node/SMF_WebContainer/ionicWorklight/ionicWorklight [project ionicWorklight]
[11/7/14 14:25:13:813 CET] 00000016 com.ibm.ws.session.WASSessionCore                            I SESN0176I: A new session context will be created for application key default_host/_MobileBrowserSimulator
[11/7/14 14:25:13:813 CET] 00000016 com.ibm.ws.util                                              I SESN0172I: The session manager is using the Java default SecureRandom implementation for session ID generation.
[11/7/14 14:25:13:858 CET] 00000016 com.ibm.ws.app.manager.internal.statemachine.StartAction     A CWWKZ0001I: Application _MobileBrowserSimulator started in 0.141 seconds.
[11/7/14 14:25:13:868 CET] 00000016 com.ibm.ws.app.manager.internal.statemachine.StartAction     I CWWKZ0018I: Starting application WorklightServices.
[11/7/14 14:25:13:878 CET] 00000030 ingframework.context.support.FileSystemXmlApplicationContext I Refreshing org.springframework.context.support.FileSystemXmlApplicationContext@69dd174a: display name [org.springframework.context.support.FileSystemXmlApplicationContext@69dd174a]; startup date [Fri Nov 07 14:25:13 CET 2014]; root of context hierarchy
[11/7/14 14:25:14:105 CET] 00000030 rg.springframework.beans.factory.xml.XmlBeanDefinitionReader I Loading XML bean definitions from URL [wsjar:file:/Users/Omar/Documents/workspace/WorklightServerConfig/shared/resources/worklight-jee-library-6.2.0.jar!/conf/spring-server-core.xml]
[11/7/14 14:25:14:338 CET] 00000030 rg.springframework.beans.factory.xml.XmlBeanDefinitionReader I Loading XML bean definitions from URL [wsjar:file:/Users/Omar/Documents/workspace/WorklightServerConfig/shared/resources/worklight-jee-library-6.2.0.jar!/conf/core.xml]
[11/7/14 14:25:14:368 CET] 00000030 rg.springframework.beans.factory.xml.XmlBeanDefinitionReader I Loading XML bean definitions from URL [wsjar:file:/Users/Omar/Documents/workspace/WorklightServerConfig/shared/resources/worklight-jee-library-6.2.0.jar!/conf/integration.xml]
[11/7/14 14:25:14:383 CET] 00000030 rg.springframework.beans.factory.xml.XmlBeanDefinitionReader I Loading XML bean definitions from URL [wsjar:file:/Users/Omar/Documents/workspace/WorklightServerConfig/shared/resources/worklight-jee-library-6.2.0.jar!/conf/gadgets.xml]
[11/7/14 14:25:14:394 CET] 00000030 rg.springframework.beans.factory.xml.XmlBeanDefinitionReader I Loading XML bean definitions from URL [wsjar:file:/Users/Omar/Documents/workspace/WorklightServerConfig/shared/resources/worklight-jee-library-6.2.0.jar!/conf/pushworks.xml]
[11/7/14 14:25:14:409 CET] 00000030 ngframework.beans.factory.support.DefaultListableBeanFactory I Overriding bean definition for bean 'gadgetCustomizedResourcesRoot': replacing [Generic bean: class [com.worklight.core.util.WorkingDirectory]; scope=singleton; abstract=false; lazyInit=false; autowireMode=0; dependencyCheck=0; autowireCandidate=true; primary=false; factoryBeanName=null; factoryMethodName=null; initMethodName=null; destroyMethodName=null; defined in URL [wsjar:file:/Users/Omar/Documents/workspace/WorklightServerConfig/shared/resources/worklight-jee-library-6.2.0.jar!/conf/gadgets.xml]] with [Generic bean: class [com.worklight.core.util.WorkingDirectory]; scope=singleton; abstract=false; lazyInit=false; autowireMode=0; dependencyCheck=0; autowireCandidate=true; primary=false; factoryBeanName=null; factoryMethodName=null; initMethodName=null; destroyMethodName=null; defined in URL [wsjar:file:/Users/Omar/Documents/workspace/WorklightServerConfig/shared/resources/worklight-jee-library-6.2.0.jar!/conf/spring-server-core.xml]]
[11/7/14 14:25:14:410 CET] 00000030 ngframework.beans.factory.support.DefaultListableBeanFactory I Overriding bean definition for bean 'gadgetResourcesRoot': replacing [Generic bean: class [com.worklight.core.util.WorkingDirectory]; scope=singleton; abstract=false; lazyInit=false; autowireMode=0; dependencyCheck=0; autowireCandidate=true; primary=false; factoryBeanName=null; factoryMethodName=null; initMethodName=null; destroyMethodName=null; defined in URL [wsjar:file:/Users/Omar/Documents/workspace/WorklightServerConfig/shared/resources/worklight-jee-library-6.2.0.jar!/conf/gadgets.xml]] with [Generic bean: class [com.worklight.core.util.WorkingDirectory]; scope=singleton; abstract=false; lazyInit=false; autowireMode=0; dependencyCheck=0; autowireCandidate=true; primary=false; factoryBeanName=null; factoryMethodName=null; initMethodName=null; destroyMethodName=null; defined in URL [wsjar:file:/Users/Omar/Documents/workspace/WorklightServerConfig/shared/resources/worklight-jee-library-6.2.0.jar!/conf/spring-server-core.xml]]
[11/7/14 14:25:14:419 CET] 00000030 ingframework.context.support.FileSystemXmlApplicationContext I Bean factory for application context [org.springframework.context.support.FileSystemXmlApplicationContext@69dd174a]: org.springframework.beans.factory.support.DefaultListableBeanFactory@625456f5
[11/7/14 14:25:14:670 CET] 00000030 ngframework.beans.factory.support.DefaultListableBeanFactory I Pre-instantiating singletons in org.springframework.beans.factory.support.DefaultListableBeanFactory@625456f5: defining beans [txManager,mailingService,WorkLightNotice,rssBrokerUtils,audit,GenericDAO,clusterSynchronizationDAO,taskCoordinator,taskManager,worklightAuthenticationService,authenticationDAO,ssoDAO,ssoExpiredLoginContextsCleanupTask,keyStoreManager,analyticsHttpService,invocationContextManager,dataAccessService,shellResourcesService,analyticsService,coreServiceManager,adapterManager,nodeProcessManager,adapterManagementService,factProcessingTask,PlatformUsageProcessingTask,notificationCleanupTask,WSSecurityService,gadgetDAO,deviceDAO,licenseTermsDAO,platformUsageService,configProfileService,gfwProps,gadgetEnvironmentManager,gadgetResourcesRoot,gadgetCustomizedResourcesRoot,applicationMetadataService,applicationManagementService,notificationsSimulationManager,pushServiceListener,PushService,worklight-direct,rssBrokerDS,brokerSessionFactory,reportService,reportsDS,reportsBrokerDS,reportsSessionFactory,gadgetReportsDAO,notificationReportsDao,gadgetReportsService,analyticsFactService,nodeInfo,registrationService,runtimeTransactionHandler,projectSyncService]; root of factory hierarchy
[11/7/14 14:25:15:940 CET] 00000030 ringframework.orm.jpa.LocalContainerEntityManagerFactoryBean I Building JPA container EntityManagerFactory for persistence unit 'WorklightPU'
[11/7/14 14:25:16:200 CET] 00000016 com.ibm.ws.webcontainer.osgi.webapp.WebGroup                 I SRVE0169I: Loading Web Module: Worklight Administration Services.
[11/7/14 14:25:16:201 CET] 00000016 com.ibm.ws.webcontainer                                      I SRVE0250I: Web Module Worklight Administration Services has been bound to default_host.
[11/7/14 14:25:16:201 CET] 00000016 com.ibm.ws.http.internal.VirtualHostImpl                     A CWWKT0016I: Web application available (default_host): http://192.168.1.133:10080/worklightadmin/
[11/7/14 14:25:16:275 CET] 00000016 com.ibm.ws.injectionengine.AbstractInjectionEngine           W CWNEN0070W: The javax.ws.rs.QueryParam annotation class will not be recognized because it was loaded from the null location rather than from a product class loader.
[11/7/14 14:25:16:276 CET] 00000016 com.ibm.ws.injectionengine.AbstractInjectionEngine           W CWNEN0070W: The javax.ws.rs.HeaderParam annotation class will not be recognized because it was loaded from the null location rather than from a product class loader.
[11/7/14 14:25:16:277 CET] 00000016 com.ibm.ws.injectionengine.AbstractInjectionEngine           W CWNEN0070W: The javax.ws.rs.PathParam annotation class will not be recognized because it was loaded from the null location rather than from a product class loader.
[11/7/14 14:25:16:277 CET] 00000016 com.ibm.ws.injectionengine.AbstractInjectionEngine           W CWNEN0070W: The javax.ws.rs.core.Context annotation class will not be recognized because it was loaded from the null location rather than from a product class loader.
[11/7/14 14:25:16:279 CET] 00000016 com.ibm.ws.injectionengine.AbstractInjectionEngine           W CWNEN0070W: The javax.ws.rs.MatrixParam annotation class will not be recognized because it was loaded from the null location rather than from a product class loader.
[11/7/14 14:25:16:280 CET] 00000016 com.ibm.ws.injectionengine.AbstractInjectionEngine           W CWNEN0070W: The javax.ws.rs.CookieParam annotation class will not be recognized because it was loaded from the null location rather than from a product class loader.
[11/7/14 14:25:16:295 CET] 00000016 com.ibm.ws.session.WASSessionCore                            I SESN0176I: A new session context will be created for application key default_host/worklightadmin
[11/7/14 14:25:16:296 CET] 00000016 com.ibm.ws.util                                              I SESN0172I: The session manager is using the Java default SecureRandom implementation for session ID generation.
[11/7/14 14:25:16:327 CET] 00000030 SystemErr                                                    R 51  WorklightPU  WARN   [Thread-20] openjpa.Runtime - An error occurred while registering a ClassTransformer with PersistenceUnitInfo: name 'WorklightPU', root URL [file:/Users/Omar/Documents/workspace/WorklightServerConfig/shared/resources/worklight-jee-library-6.2.0.jar]. The error has been consumed. To see it, set your openjpa.Runtime log level to TRACE. Load-time class transformation will not be available.
[11/7/14 14:25:16:755 CET] 00000016 com.ibm.ws.webcontainer.webapp                               I SRVE0292I: Servlet Message - [worklight-management-service]:.Initializing Spring root WebApplicationContext
[11/7/14 14:25:16:756 CET] 00000016 org.springframework.web.context.ContextLoader                I Root WebApplicationContext: initialization started
[11/7/14 14:25:16:787 CET] 00000016 springframework.web.context.support.XmlWebApplicationContext I Refreshing org.springframework.web.context.support.XmlWebApplicationContext@6ad272a3: display name [Root WebApplicationContext]; startup date [Fri Nov 07 14:25:16 CET 2014]; root of context hierarchy
[11/7/14 14:25:16:838 CET] 00000016 rg.springframework.beans.factory.xml.XmlBeanDefinitionReader I Loading XML bean definitions from ServletContext resource [/WEB-INF/spring-management-service.xml]
[11/7/14 14:25:16:874 CET] 00000016 springframework.web.context.support.XmlWebApplicationContext I Bean factory for application context [org.springframework.web.context.support.XmlWebApplicationContext@6ad272a3]: org.springframework.beans.factory.support.DefaultListableBeanFactory@76e6c717
[11/7/14 14:25:16:899 CET] 00000016 ngframework.beans.factory.support.DefaultListableBeanFactory I Pre-instantiating singletons in org.springframework.beans.factory.support.DefaultListableBeanFactory@76e6c717: defining beans [registrationServiceFactory]; root of factory hierarchy
[11/7/14 14:25:17:007 CET] 00000016 com.ibm.worklight.dataaccess.datastore.DataStoreUtil         I getWorklightDataSourceProperties Read properties file. allProperties: {ibm.worklight.admin.db.jndi.name=java:comp/env/jdbc/WorklightAdminDS}
[11/7/14 14:25:17:015 CET] 00000016 com.ibm.worklight.dataaccess.datastore.DataStoreUtil         I dereferenceProperties Handling propName=ibm.worklight.admin.db.jndi.name propValue=java:comp/env/jdbc/WorklightAdminDS
[11/7/14 14:25:17:015 CET] 00000016 com.ibm.worklight.dataaccess.datastore.DataStoreUtil         I dereferenceProperties Handling propName=ibm.worklight.admin.db.openjpa.Log propValue=
[11/7/14 14:25:17:015 CET] 00000016 com.ibm.worklight.dataaccess.datastore.DataStoreUtil         I dereferenceProperties Handling propName=ibm.worklight.admin.db.type propValue=
[11/7/14 14:25:17:213 CET] 00000016 com.ibm.ws.recoverylog.spi.RecoveryDirectorImpl              I CWRLS0010I: Performing recovery processing for local WebSphere server (Cell\Node\Server).
[11/7/14 14:25:17:275 CET] 00000016 com.ibm.ws.recoverylog.spi.RecoveryDirectorImpl              I CWRLS0012I: All persistent services have been directed to perform recovery processing for this WebSphere server (Cell\Node\Server).
[11/7/14 14:25:17:279 CET] 0000003b com.ibm.tx.jta.impl.RecoveryManager                          I WTRN0135I: Transaction service recovering no transactions.
[11/7/14 14:25:17:519 CET] 00000030 SystemErr                                                    R 1243  WorklightPU  INFO   [Thread-20] openjpa.Runtime - Starting OpenJPA 1.2.2
[11/7/14 14:25:17:607 CET] 00000030 SystemErr                                                    R 1332  WorklightPU  INFO   [Thread-20] openjpa.jdbc.JDBC - Using dictionary class "org.apache.openjpa.jdbc.sql.HSQLDictionary".
[11/7/14 14:25:18:440 CET] 00000016 com.ibm.ws.rsadapter.spi.InternalGenericDataStoreHelper      I DSRA8203I: Database product name : Apache Derby
[11/7/14 14:25:18:441 CET] 00000016 com.ibm.ws.rsadapter.spi.InternalGenericDataStoreHelper      I DSRA8204I: Database product version : 10.8.2.2 - (1181258)
[11/7/14 14:25:18:441 CET] 00000016 com.ibm.ws.rsadapter.spi.InternalGenericDataStoreHelper      I DSRA8205I: JDBC driver name  : Apache Derby Embedded JDBC Driver
[11/7/14 14:25:18:441 CET] 00000016 com.ibm.ws.rsadapter.spi.InternalGenericDataStoreHelper      I DSRA8206I: JDBC driver version  : 10.8.2.2 - (1181258)
[11/7/14 14:25:18:528 CET] 00000016 com.ibm.worklight.dataaccess.datastore.DataStore             I constructor Creating EntityManagerFactory for persistence-unit=WorklightManagementPU-derby with properties: {openjpa.ConnectionFactory=com.ibm.ws.rsadapter.jdbc.WSJdbcDataSource@38a23775, openjpa.jdbc.SynchronizeMappings=buildSchema(SchemaAction='add')}
[11/7/14 14:25:19:375 CET] 00000016 com.worklight.common.util.jmx.LibertyJMXRegister             I FWLSE2008I: MBean registration succeeded for: com.worklight.common.server.jmx.api:type=WorklightAdmin,qualifier=worklightadmin
[11/7/14 14:25:19:382 CET] 00000016 SystemErr                                                    R 105  WorklightManagementPU-derby  INFO   [Scheduled Executor-thread-1] openjpa.Runtime - Starting OpenJPA 1.2.2
[11/7/14 14:25:19:541 CET] 00000016 SystemErr                                                    R 265  WorklightManagementPU-derby  INFO   [Scheduled Executor-thread-1] openjpa.jdbc.JDBC - Using dictionary class "org.apache.openjpa.jdbc.sql.DerbyDictionary" (Apache Derby 10.8.2.2 - (1181258) ,Apache Derby Embedded JDBC Driver 10.8.2.2 - (1181258)).
[11/7/14 14:25:20:376 CET] 00000030 com.worklight.server.database.api.WorklightDataSource        I FWLSE0187I: jdbc/WorklightReportsDS data source is disabled. No connection opened.  [project ionicWorklight]
[11/7/14 14:25:20:389 CET] 00000030 ringframework.orm.jpa.LocalContainerEntityManagerFactoryBean I Building JPA container EntityManagerFactory for persistence unit 'WorklightReportsPU'
[11/7/14 14:25:20:396 CET] 00000030 SystemErr                                                    R 1  WorklightReportsPU  WARN   [Thread-20] openjpa.Runtime - An error occurred while registering a ClassTransformer with PersistenceUnitInfo: name 'WorklightReportsPU', root URL [file:/Users/Omar/Documents/workspace/WorklightServerConfig/shared/resources/worklight-jee-library-6.2.0.jar]. The error has been consumed. To see it, set your openjpa.Runtime log level to TRACE. Load-time class transformation will not be available.
[11/7/14 14:25:20:480 CET] 00000030 com.worklight.report.impl.GadgetReportsServiceImpl           I FWLSE0186I: Application raw reports are disabled. [project ionicWorklight]
[11/7/14 14:25:20:826 CET] 00000052 org.apache.wink.server.internal.servlet.RestServlet          I The system is using the com.ibm.elasticsearch.servlet.ElasticApplication JAX-RS application class that is named in the javax.ws.rs.Application init-param initialization parameter.
[11/7/14 14:25:21:008 CET] 00000030 com.worklight.common.util.jmx.LibertyJMXRegister             I FWLSE2008I: MBean registration succeeded for: com.worklight.common.server.jmx.api:type=ProjectManagement,qualifier=ionicWorklight [project ionicWorklight]
[11/7/14 14:25:21:020 CET] 00000030 SystemOut                                                    O Cleanup dir is /Users/Omar/Documents/workspace/WorklightServerConfig/servers/worklight/workarea/org.eclipse.osgi/bundles/75/data/temp/default_node/SMF_WebContainer/ionicWorklight/ionicWorklight/widget-resources
[11/7/14 14:25:21:071 CET] 00000030 com.worklight.common.util.jmx.LibertyRuntimeMBeanHandler     I Establishing REST connection to service:jmx:rest://localhost:10443/IBMJMXConnectorREST
[11/7/14 14:25:21:187 CET] 00000052 apache.wink.server.internal.application.ApplicationProcessor I The following JAX-RS application has been processed: com.ibm.elasticsearch.servlet.ElasticApplication
[11/7/14 14:25:21:190 CET] 00000052 org.apache.wink.server.internal.log.Resources                I The server has registered the JAX-RS resource class com.ibm.elasticsearch.rest.Activities with @Path(/activities/{tenant}).
[11/7/14 14:25:21:190 CET] 00000052 org.apache.wink.server.internal.log.Resources                I The server has registered the JAX-RS resource class com.ibm.elasticsearch.rest.Dashboard with @Path(/dashboard/{tenant}).
[11/7/14 14:25:21:190 CET] 00000052 org.apache.wink.server.internal.log.Resources                I The server has registered the JAX-RS resource class com.ibm.elasticsearch.rest.Adapters with @Path(/adapters/{tenant}).
[11/7/14 14:25:21:190 CET] 00000052 org.apache.wink.server.internal.log.Resources                I The server has registered the JAX-RS resource class com.ibm.elasticsearch.rest.Devices with @Path(/devices/{tenant}).
[11/7/14 14:25:21:191 CET] 00000052 org.apache.wink.server.internal.log.Resources                I The server has registered the JAX-RS resource class com.ibm.elasticsearch.rest.Servers with @Path(/servers/{tenant}).
[11/7/14 14:25:21:191 CET] 00000052 org.apache.wink.server.internal.log.Resources                I The server has registered the JAX-RS resource class com.ibm.elasticsearch.util.Export with @Path(/export/{tenant}).
[11/7/14 14:25:21:191 CET] 00000052 org.apache.wink.server.internal.log.Resources                I The server has registered the JAX-RS resource class com.ibm.elasticsearch.rest.Search with @Path(/search/{tenant}).
[11/7/14 14:25:21:191 CET] 00000052 org.apache.wink.server.internal.log.Resources                I The server has registered the JAX-RS resource class com.ibm.elasticsearch.rest.Common with @Path(/common/{tenant}).
[11/7/14 14:25:21:191 CET] 00000052 org.apache.wink.server.internal.log.Resources                I The server has registered the JAX-RS resource class com.ibm.elasticsearch.config.MigrateData with @Path(/migrate).
[11/7/14 14:25:21:192 CET] 00000052 org.apache.wink.server.internal.log.Resources                I The server has registered the JAX-RS resource class com.ibm.elasticsearch.config.Config with @Path(/config).
[11/7/14 14:25:21:192 CET] 00000052 org.apache.wink.server.internal.log.Resources                I The server has registered the JAX-RS resource class com.ibm.elasticsearch.config.DeleteData with @Path(/delete).
[11/7/14 14:25:21:192 CET] 00000052 org.apache.wink.server.internal.log.Resources                I The server has registered the JAX-RS resource class com.ibm.elasticsearch.config.LoadTesting with @Path(/load).
[11/7/14 14:25:21:193 CET] 00000052 org.apache.wink.server.internal.log.Resources                I The server has registered the JAX-RS resource class com.ibm.elasticsearch.servlet.DataReceiver with @Path(/).
[11/7/14 14:25:21:196 CET] 00000052 org.apache.wink.server.internal.log.Providers                I The class org.codehaus.jackson.jaxrs.JacksonJaxbJsonProvider was registered as a JAX-RS MessageBodyReader provider for all Java types and application/json media types.
[11/7/14 14:25:21:196 CET] 00000052 org.apache.wink.server.internal.log.Providers                I The class org.codehaus.jackson.jaxrs.JacksonJaxbJsonProvider was registered as a JAX-RS MessageBodyReader provider for all Java types and text/json media types.
[11/7/14 14:25:21:197 CET] 00000052 org.apache.wink.server.internal.log.Providers                I The class org.codehaus.jackson.jaxrs.JacksonJaxbJsonProvider was registered as a JAX-RS MessageBodyWriter provider for all Java types and application/json media types.
[11/7/14 14:25:21:197 CET] 00000052 org.apache.wink.server.internal.log.Providers                I The class org.codehaus.jackson.jaxrs.JacksonJaxbJsonProvider was registered as a JAX-RS MessageBodyWriter provider for all Java types and text/json media types.
[11/7/14 14:25:21:370 CET] 00000052 com.ibm.ws.webcontainer.servlet                              I SRVE0242I: [_analytics] [/_analytics] [data]: Initialization successful.
[11/7/14 14:25:22:376 CET] 00000016 SystemErr                                                    R 3099  WorklightManagementPU-derby  INFO   [Scheduled Executor-thread-1] openjpa.Runtime - Though you are using optimistic transactions, OpenJPA is now beginning a datastore transaction because you have requested a lock on some data.
[11/7/14 14:25:22:455 CET] 00000016 SystemErr                                                    R 3178  WorklightManagementPU-derby  INFO   [Scheduled Executor-thread-1] openjpa.Runtime - Though you are using optimistic transactions, OpenJPA is now beginning a datastore transaction because you have requested a lock on some data.
[11/7/14 14:25:22:465 CET] 00000016 org.springframework.web.context.ContextLoader                I Root WebApplicationContext: initialization completed in 5708 ms
[11/7/14 14:25:22:467 CET] 00000016 ht.admin.listeners.WorklightManagementServletContextListener I Worklight admin servlet context listener initialized
[11/7/14 14:25:22:476 CET] 00000016 ht.admin.listeners.WorklightManagementServletContextListener I FWLSE3199I: ========= Worklight Admin Services version 6.2.0.01-20141027-1531 started.
[11/7/14 14:25:22:570 CET] 00000016 org.apache.wink.server.internal.servlet.RestServlet          I The system is using the com.ibm.worklight.admin.services.ManagementServiceServlet JAX-RS application class that is named in the javax.ws.rs.Application init-param initialization parameter.
[11/7/14 14:25:22:668 CET] 00000016 apache.wink.server.internal.application.ApplicationProcessor I The following JAX-RS application has been processed: com.ibm.worklight.admin.services.ManagementServiceServlet
[11/7/14 14:25:22:670 CET] 00000016 org.apache.wink.server.internal.log.Resources                I The server has registered the JAX-RS resource class com.ibm.worklight.admin.services.ManagementService with @Path(/).
[11/7/14 14:25:22:672 CET] 00000016 org.apache.wink.server.internal.log.Providers                I The class com.ibm.worklight.admin.util.ByteArrayWorkaroundProvider was registered as a JAX-RS MessageBodyReader provider for com.ibm.worklight.admin.util.ByteArrayWorkaround Java types and */* media types.
[11/7/14 14:25:22:673 CET] 00000016 org.apache.wink.server.internal.log.Providers                I The class com.ibm.worklight.admin.util.ByteArrayWorkaroundProvider was registered as a JAX-RS MessageBodyWriter provider for com.ibm.worklight.admin.util.ByteArrayWorkaround Java types and */* media types.
[11/7/14 14:25:22:791 CET] 00000016 com.ibm.ws.webcontainer.servlet                              I SRVE0242I: [WorklightServices] [/worklightadmin] [ManagementServlet]: Initialization successful.
[11/7/14 14:25:22:793 CET] 00000016 com.ibm.ws.app.manager.internal.statemachine.StartAction     A CWWKZ0001I: Application WorklightServices started in 8.925 seconds.
[11/7/14 14:25:22:858 CET] 0000001a com.ibm.ws.kernel.feature.internal.FeatureManager            I CWWKF0008I: Feature update completed in 21.823 seconds.
[11/7/14 14:25:22:858 CET] 0000001a com.ibm.ws.kernel.feature.internal.FeatureManager            A CWWKF0011I: The server worklight is ready to run a smarter planet.
[11/7/14 14:25:22:918 CET] 00000074 com.ibm.worklight.admin.services.ManagementService           I ping service invoked to check if the HTTP(s) port is available
[11/7/14 14:25:22:989 CET] 00000076 SystemErr                                                    R 3907  WorklightManagementPU-derby  INFO   [LargeThreadPool-thread-55] openjpa.Runtime - Starting OpenJPA 1.2.2
[11/7/14 14:25:22:991 CET] 00000076 SystemErr                                                    R 3909  WorklightManagementPU-derby  INFO   [LargeThreadPool-thread-55] openjpa.jdbc.JDBC - Using dictionary class "org.apache.openjpa.jdbc.sql.DerbyDictionary" (Apache Derby 10.8.2.2 - (1181258) ,Apache Derby Embedded JDBC Driver 10.8.2.2 - (1181258)).
[11/7/14 14:25:23:769 CET] 00000076 SystemErr                                                    R 4492  WorklightManagementPU-derby  INFO   [LargeThreadPool-thread-55] openjpa.Runtime - Though you are using optimistic transactions, OpenJPA is now beginning a datastore transaction because you have requested a lock on some data.
[11/7/14 14:25:23:775 CET] 00000076 SystemErr                                                    R 4499  WorklightManagementPU-derby  INFO   [LargeThreadPool-thread-55] openjpa.Runtime - Though you are using optimistic transactions, OpenJPA is now beginning a datastore transaction because you have requested a lock on some data.
[11/7/14 14:25:24:409 CET] 00000079 com.ibm.worklight.dataaccess.datastore.DataStoreUtil         I getWorklightDataSourceProperties Read properties file. allProperties: {ibm.worklight.admin.db.jndi.name=java:comp/env/jdbc/WorklightAdminDS}
[11/7/14 14:25:24:412 CET] 00000079 com.ibm.worklight.dataaccess.datastore.DataStoreUtil         I dereferenceProperties Handling propName=ibm.worklight.admin.db.jndi.name propValue=java:comp/env/jdbc/WorklightAdminDS
[11/7/14 14:25:24:412 CET] 00000079 com.ibm.worklight.dataaccess.datastore.DataStoreUtil         I dereferenceProperties Handling propName=ibm.worklight.admin.db.openjpa.Log propValue=
[11/7/14 14:25:24:412 CET] 00000079 com.ibm.worklight.dataaccess.datastore.DataStoreUtil         I dereferenceProperties Handling propName=ibm.worklight.admin.db.type propValue=
[11/7/14 14:25:24:415 CET] 00000079 com.ibm.worklight.dataaccess.datastore.DataStore             I constructor Creating EntityManagerFactory for persistence-unit=WorklightManagementPU-derby with properties: {openjpa.ConnectionFactory=com.ibm.ws.rsadapter.jdbc.WSJdbcDataSource@5dfb5648, openjpa.jdbc.SynchronizeMappings=buildSchema(SchemaAction='add')}
[11/7/14 14:25:24:452 CET] 00000079 SystemErr                                                    R 17  WorklightManagementPU-derby  INFO   [LargeThreadPool-thread-58] openjpa.Runtime - Starting OpenJPA 1.2.2
[11/7/14 14:25:24:453 CET] 00000079 SystemErr                                                    R 18  WorklightManagementPU-derby  INFO   [LargeThreadPool-thread-58] openjpa.jdbc.JDBC - Using dictionary class "org.apache.openjpa.jdbc.sql.DerbyDictionary" (Apache Derby 10.8.2.2 - (1181258) ,Apache Derby Embedded JDBC Driver 10.8.2.2 - (1181258)).
[11/7/14 14:25:25:084 CET] 00000030 com.worklight.common.util.HttpUtil                           I FWLSE2014I: Downloading a worklight artifact from http://localhost:10080/worklightadmin/otu/1.0/757affffffa2ffffffb5ffffffbb7219fffffff9ffffffa8ffffffe3ffffff857379ffffffb9ffffffc7ffffffaf/runtimes/ionicWorklight/downloads/applications/ionicWorklight/common/1.0 [project ionicWorklight]
[11/7/14 14:25:25:130 CET] 00000030 om.worklight.applications.deployers.base.EnvironmentDeployer I FWLSE0274I: Environment common deployed to directory '/Users/Omar/Documents/workspace/WorklightServerConfig/servers/worklight/workarea/org.eclipse.osgi/bundles/75/data/temp/default_node/SMF_WebContainer/ionicWorklight/ionicWorklight/widget-resources/ionicWorklight-common-126ac33bd14ec4abf01092fcc64c6cb51a4affdd' . [project ionicWorklight]
[11/7/14 14:25:25:188 CET] 00000082 SystemErr                                                    R 5911  WorklightManagementPU-derby  INFO   [LargeThreadPool-thread-65] openjpa.Runtime - Though you are using optimistic transactions, OpenJPA is now beginning a datastore transaction because you have requested a lock on some data.
[11/7/14 14:25:25:246 CET] 00000082 com.ibm.worklight.admin.jmx.ManagementMXBeanImpl             I Result: ionicWorklight: worklight///192.168.1.133: Runtime was synchronized successfully
[11/7/14 14:25:25:246 CET] 00000082 com.ibm.worklight.admin.jmx.ManagementMXBeanImpl             I ionicWorklight: worklight///192.168.1.133: 2014-11-07T13:25:25.169Z: Preparation to deploy 'ionicWorklight' finished
[11/7/14 14:25:25:246 CET] 00000082 com.ibm.worklight.admin.jmx.ManagementMXBeanImpl             I ionicWorklight: worklight///192.168.1.133: 2014-11-07T13:25:25.169Z: Transaction handler reset
[11/7/14 14:25:25:250 CET] 00000030 com.worklight.core.init.WorklightServletInitializer          I FWLSE0247I: The ionicWorklight project initialization times were: start-firstReadyCheck=47, firstReadyCheck=1,882, ready for sync=0, sync=2,300 [project ionicWorklight]
[11/7/14 14:25:25:252 CET] 00000030 com.worklight.server.bundle.project.JeeProjectActivator      I FWLST0002I: ========= Project /ionicWorklight started. The project WAR file version is 6.2.0.01.20141027-1531,running on server version 6.2.0.01.20141027-1531. [project ionicWorklight]
[11/7/14 14:25:25:252 CET] 00000030 SystemOut                                                    O ================ End init of ionicWorklight  11652
[11/7/14 14:25:31:601 CET] 00000016 com.ibm.ws.config.internal.xml.XMLBundleProcessor            A CWWKG0016I: Starting server configuration update.
[11/7/14 14:25:31:627 CET] 00000016 com.ibm.ws.config.internal.xml.XMLBundleProcessor            A CWWKG0018I: The server configuration was not updated. No functional changes were detected.
[11/7/14 14:25:31:811 CET] 0000008d com.ibm.ws.webcontainer.servlet                              I SRVE0242I: [ionicWorklight] [/ionicWorklight] [PreviewServlet]: Initialization successful.
[11/7/14 14:25:32:019 CET] 00000090 com.ibm.ws.webcontainer.servlet                              I SRVE0242I: [ionicWorklight] [/ionicWorklight] [DevRootServlet]: Initialization successful.
[11/7/14 14:25:40:947 CET] 0000010b com.worklight.common.util.jmx.LibertyRuntimeMBeanHandler     I Establishing REST connection to service:jmx:rest://localhost:10443/IBMJMXConnectorREST
[11/7/14 14:25:45:612 CET] 00000121 SystemErr                                                    R 21161  WorklightManagementPU-derby  INFO   [LargeThreadPool-thread-168] openjpa.Runtime - Starting OpenJPA 1.2.2
[11/7/14 14:25:45:613 CET] 00000121 SystemErr                                                    R 21162  WorklightManagementPU-derby  INFO   [LargeThreadPool-thread-168] openjpa.jdbc.JDBC - Using dictionary class "org.apache.openjpa.jdbc.sql.DerbyDictionary" (Apache Derby 10.8.2.2 - (1181258) ,Apache Derby Embedded JDBC Driver 10.8.2.2 - (1181258)).
[11/7/14 14:25:45:791 CET] 00000121 SystemErr                                                    R 21339  WorklightManagementPU-derby  INFO   [LargeThreadPool-thread-168] openjpa.Runtime - Though you are using optimistic transactions, OpenJPA is now beginning a datastore transaction because you have requested a lock on some data.
[11/7/14 14:25:45:812 CET] 00000121 SystemErr                                                    R 21360  WorklightManagementPU-derby  INFO   [LargeThreadPool-thread-168] openjpa.Runtime - Though you are using optimistic transactions, OpenJPA is now beginning a datastore transaction because you have requested a lock on some data.
[11/7/14 14:25:45:850 CET] 00000121 SystemErr                                                    R 21399  WorklightManagementPU-derby  INFO   [LargeThreadPool-thread-168] openjpa.Runtime - Though you are using optimistic transactions, OpenJPA is now beginning a datastore transaction because you have requested a lock on some data.
[11/7/14 14:25:46:726 CET] 0000013c com.worklight.common.util.HttpUtil                           I FWLSE2014I: Downloading a worklight artifact from http://192.168.1.133:10080/worklightadmin/otu/1.0/6bffffffe74fffffffe9ffffffec4c11326014fffffff4ffffffbe0a22ffffffee0d/runtimes/ionicWorklight/downloads/applications/Temporary317569284/common/1.0 [project ionicWorklight]
[11/7/14 14:25:47:001 CET] 0000013c com.worklight.common.util.HttpUtil                           I FWLSE2014I: Downloading a worklight artifact from http://192.168.1.133:10080/worklightadmin/otu/1.0/6bffffffe74fffffffe9ffffffec4c11326014fffffff4ffffffbe0a22ffffffee0d/runtimes/ionicWorklight/downloads/applications/Temporary317569284/iphone/1.0 [project ionicWorklight]
[11/7/14 14:25:47:266 CET] 0000013c om.worklight.applications.deployers.base.EnvironmentDeployer I FWLSE0274I: Environment common deployed to directory '/Users/Omar/Documents/workspace/WorklightServerConfig/servers/worklight/workarea/org.eclipse.osgi/bundles/75/data/temp/default_node/SMF_WebContainer/ionicWorklight/ionicWorklight/widget-resources/ionicWorklight-common-7f02711275032e7caa90d8323ec31edae5c18df7' . [project ionicWorklight]
[11/7/14 14:25:47:776 CET] 0000013c om.worklight.applications.deployers.base.EnvironmentDeployer I FWLSE0274I: Environment iphone deployed to directory '/Users/Omar/Documents/workspace/WorklightServerConfig/servers/worklight/workarea/org.eclipse.osgi/bundles/75/data/temp/default_node/SMF_WebContainer/ionicWorklight/ionicWorklight/widget-resources/ionicWorklight-iphone-1.0-0377f1d044d0bd3d73d2b8dec18537ab1a39a701' . [project ionicWorklight]
[11/7/14 14:25:49:024 CET] 00000121 com.ibm.worklight.admin.actions.BaseTransaction              I Result: ionicWorklight: worklight///192.168.1.133: Preparation to deploy 'ionicWorklight' finished
[11/7/14 14:25:49:506 CET] 00000121 com.ibm.worklight.admin.actions.BaseTransaction              I Result: ionicWorklight: worklight///192.168.1.133: Commit
[11/7/14 14:25:49:506 CET] 00000121 com.ibm.worklight.admin.actions.BaseTransaction              I ionicWorklight: worklight///192.168.1.133: 2014-11-07T13:25:49.496Z: Application 'ionicWorklight' was updated
[11/7/14 14:25:49:781 CET] 00000121 SystemErr                                                    R 25330  WorklightManagementPU-derby  INFO   [LargeThreadPool-thread-168] openjpa.Runtime - Though you are using optimistic transactions, OpenJPA is now beginning a datastore transaction because you have requested a lock on some data.
