********************************************************************************
product = WebSphere Application Server 8.5.5.1 (wlp-1.0.4.cl50120131011-1639)
wlp.install.dir = /Users/Omar/Applications/eclipse/plugins/com.worklight.studio.plugin_6.2.0.01-20141027-1531/liberty/wlp/
server.config.dir = /Users/Omar/Documents/workspace/WorklightServerConfig/servers/worklight/
java.home = /System/Library/Java/JavaVirtualMachines/1.6.0.jdk/Contents/Home
java.version = 1.6.0_65
java.runtime = Java(TM) SE Runtime Environment (1.6.0_65-b14-462-11M4609)
os = Mac OS X (10.9.4; x86_64) (en_US)
********************************************************************************
[11/7/14 14:14:18:971 CET] 00000001 com.ibm.ws.logging.internal.TraceSpecification               I TRAS0018I: The trace state has been changed. The new trace state is *=info.
[11/7/14 14:14:19:030 CET] 00000001 com.ibm.ws.kernel.launch.internal.FrameworkManager           A CWWKE0001I: The server worklight has been launched.
[11/7/14 14:14:22:815 CET] 00000001 com.ibm.ws.kernel.launch.internal.FrameworkManager           I CWWKE0002I: The kernel started after 4.461 seconds
[11/7/14 14:14:22:936 CET] 00000019 com.ibm.ws.kernel.feature.internal.FeatureManager            I CWWKF0007I: Feature update started.
[11/7/14 14:14:24:704 CET] 00000011 com.ibm.ws.security.internal.SecurityReadyServiceImpl        I CWWKS0007I: The security service is starting...
[11/7/14 14:14:25:919 CET] 00000013 com.ibm.ws.ssl.config.WSKeyStore                             I CWPKI0802I: Creating the SSL certificate. This may take a few seconds.
[11/7/14 14:14:26:407 CET] 00000020 com.ibm.ws.tcpchannel.internal.TCPChannel                    I CWWKO0219I: TCP Channel defaultHttpEndpoint has been started and is now listening for requests on host *  (IPv6) port 10080.
[11/7/14 14:14:26:924 CET] 00000013 com.ibm.ws.ssl.config.WSKeyStore                             A CWPKI0803A: SSL certificate created in 1.008 seconds. SSL key file: /Users/Omar/Documents/workspace/WorklightServerConfig/servers/worklight/resources/security/key.jks
[11/7/14 14:14:27:069 CET] 00000025 com.ibm.ws.tcpchannel.internal.TCPChannel                    I CWWKO0219I: TCP Channel defaultHttpEndpoint-ssl has been started and is now listening for requests on host *  (IPv6) port 10443.
[11/7/14 14:14:27:154 CET] 00000026 com.ibm.ws.security.token.ltpa.internal.LTPAKeyInfoManager   I CWWKS4103I: Creating the LTPA keys. This may take a few seconds.
[11/7/14 14:14:28:254 CET] 00000011 com.ibm.ws.app.manager.internal.monitor.DropinMonitor        A CWWKZ0058I: Monitoring dropins for applications. 
[11/7/14 14:14:28:388 CET] 00000015 com.ibm.ws.app.manager.internal.statemachine.StartAction     I CWWKZ0018I: Starting application ionicWorklight.
[11/7/14 14:14:28:536 CET] 00000026 com.ibm.ws.security.token.ltpa.internal.LTPAKeyInfoManager   A CWWKS4104A: LTPA keys created in 1.388 seconds. LTPA key file: /Users/Omar/Documents/workspace/WorklightServerConfig/servers/worklight/resources/security/ltpa.keys
[11/7/14 14:14:28:562 CET] 00000026 com.ibm.ws.security.internal.SecurityReadyServiceImpl        I CWWKS0008I: The security service is ready.
[11/7/14 14:14:28:565 CET] 00000026 com.ibm.ws.security.token.ltpa.internal.LTPAKeyCreator       I CWWKS4105I: LTPA configuration is ready after 1.424 seconds.
[11/7/14 14:14:28:949 CET] 00000015 com.ibm.ws.webcontainer.osgi.webapp.WebGroup                 I SRVE0169I: Loading Web Module: Worklight.
[11/7/14 14:14:28:949 CET] 00000028 com.ibm.ws.webcontainer.osgi.webapp.WebGroup                 I SRVE0169I: Loading Web Module: IBMJMXConnectorREST.
[11/7/14 14:14:28:949 CET] 00000015 com.ibm.ws.webcontainer                                      I SRVE0250I: Web Module Worklight has been bound to default_host.
[11/7/14 14:14:28:949 CET] 00000028 com.ibm.ws.webcontainer                                      I SRVE0250I: Web Module IBMJMXConnectorREST has been bound to default_host.
[11/7/14 14:14:28:959 CET] 00000015 com.ibm.ws.http.internal.VirtualHostImpl                     A CWWKT0016I: Web application available (default_host): http://192.168.1.133:10080/ionicWorklight/
[11/7/14 14:14:28:960 CET] 00000028 com.ibm.ws.http.internal.VirtualHostImpl                     A CWWKT0016I: Web application available (default_host): http://192.168.1.133:10080/IBMJMXConnectorREST/
[11/7/14 14:14:29:551 CET] 00000015 com.ibm.ws.session.WASSessionCore                            I SESN8501I: The session manager did not find a persistent storage location; HttpSession objects will be stored in the local application server's memory.
[11/7/14 14:14:29:577 CET] 00000015 com.ibm.ws.session.WASSessionCore                            I SESN0176I: A new session context will be created for application key default_host/ionicWorklight
[11/7/14 14:14:29:577 CET] 00000028 com.ibm.ws.session.WASSessionCore                            I SESN0176I: A new session context will be created for application key default_host/IBMJMXConnectorREST
[11/7/14 14:14:29:597 CET] 00000015 com.ibm.ws.util                                              I SESN0172I: The session manager is using the Java default SecureRandom implementation for session ID generation.
[11/7/14 14:14:29:613 CET] 00000028 com.ibm.ws.util                                              I SESN0172I: The session manager is using the Java default SecureRandom implementation for session ID generation.
[11/7/14 14:14:30:282 CET] 00000028 apache.wink.server.internal.application.ApplicationProcessor I The following JAX-RS application has been processed: com.ibm.ws.jaxrs.webcontainer.JAXRSDefaultApplicationSubclassProxy
[11/7/14 14:14:30:286 CET] 00000028 org.apache.wink.server.internal.log.Resources                I The server has registered the JAX-RS resource class com.ibm.ws.jmx.connector.server.rest.resources.FileTransferRouterResource with @Path(/fileTransfer/router/{filePath}).
[11/7/14 14:14:30:286 CET] 00000028 org.apache.wink.server.internal.log.Resources                I The server has registered the JAX-RS resource class com.ibm.ws.jmx.connector.server.rest.resources.AttributeResource with @Path(/mbeans/{objectName}/attributes).
[11/7/14 14:14:30:286 CET] 00000028 org.apache.wink.server.internal.log.Resources                I The server has registered the JAX-RS resource class com.ibm.ws.jmx.connector.server.rest.resources.FileTransferResource with @Path(/fileTransfer/{filePath}).
[11/7/14 14:14:30:287 CET] 00000028 org.apache.wink.server.internal.log.Resources                I The server has registered the JAX-RS resource class com.ibm.ws.jmx.connector.server.rest.resources.NotificationResource with @Path(/notifications).
[11/7/14 14:14:30:287 CET] 00000028 org.apache.wink.server.internal.log.Resources                I The server has registered the JAX-RS resource class com.ibm.ws.jmx.connector.server.rest.resources.MBeanResource with @Path(/mbeans).
[11/7/14 14:14:30:287 CET] 00000028 org.apache.wink.server.internal.log.Resources                I The server has registered the JAX-RS resource class com.ibm.ws.jmx.connector.server.rest.resources.MBeanRouterResource with @Path(/router).
[11/7/14 14:14:30:288 CET] 00000028 org.apache.wink.server.internal.log.Resources                I The server has registered the JAX-RS resource class com.ibm.ws.jmx.connector.server.rest.resources.JMXResource with @Path().
[11/7/14 14:14:30:290 CET] 00000028 org.apache.wink.server.internal.log.Providers                I The class com.ibm.ws.jmx.connector.server.rest.providers.JSONErrorOutputStreamProvider was registered as a JAX-RS MessageBodyWriter provider for com.ibm.ws.jmx.connector.server.rest.providers.JSONErrorOutputStream Java types and application/json media types.
[11/7/14 14:14:30:782 CET] 00000028 com.ibm.ws.webcontainer.servlet                              I SRVE0242I: [com.ibm.ws.jmx.connector.server.rest] [/IBMJMXConnectorREST] [MBeanServerConnector]: Initialization successful.
[11/7/14 14:14:31:830 CET] 00000015 com.worklight.server.bundle.api.WorklightConfiguration       I FWLSE4006I: Worklight Studio is running in 'development' mode. [project ionicWorklight]
[11/7/14 14:14:31:833 CET] 0000002e com.worklight.server.bundle.project.JeeProjectActivator      I FWLST0022I: Worklight project async start = true
[11/7/14 14:14:31:876 CET] 00000015 apache.wink.server.internal.application.ApplicationProcessor I The following JAX-RS application has been processed: com.ibm.ws.jaxrs.webcontainer.JAXRSDefaultApplicationSubclassProxy
[11/7/14 14:14:31:876 CET] 00000015 org.apache.wink.server.internal.log.Resources                I The server has registered the JAX-RS resource class com.worklight.oauth.TokenValidationEndpoint with @Path(/validation).
[11/7/14 14:14:31:877 CET] 00000015 org.apache.wink.server.internal.log.Resources                I The server has registered the JAX-RS resource class com.worklight.oauth.TokenEndpoint with @Path(/token).
[11/7/14 14:14:31:877 CET] 00000015 org.apache.wink.server.internal.log.Providers                I There are no custom JAX-RS providers defined in the application.
[11/7/14 14:14:31:953 CET] 00000015 com.ibm.ws.webcontainer.servlet                              I SRVE0242I: [ionicWorklight] [/ionicWorklight] [AuthorizationServer]: Initialization successful.
[11/7/14 14:14:31:990 CET] 00000015 com.ibm.ws.app.manager.internal.statemachine.StartAction     A CWWKZ0001I: Application ionicWorklight started in 3.602 seconds.
[11/7/14 14:14:32:004 CET] 00000015 com.ibm.ws.app.manager.internal.statemachine.StartAction     I CWWKZ0018I: Starting application _MobileBrowserSimulator.
[11/7/14 14:14:32:035 CET] 0000002e com.worklight.server.bundle.project.JeeProjectActivator      I FWLST0001I: Worklight home folder is /Users/Omar/Documents/workspace/WorklightServerConfig/servers/worklight/workarea/org.eclipse.osgi/bundles/75/data/temp/default_node/SMF_WebContainer/ionicWorklight/ionicWorklight [project ionicWorklight]
[11/7/14 14:14:32:088 CET] 00000015 com.ibm.ws.webcontainer.osgi.webapp.WebGroup                 I SRVE0169I: Loading Web Module: _MobileBrowserSimulator.
[11/7/14 14:14:32:089 CET] 00000015 com.ibm.ws.webcontainer                                      I SRVE0250I: Web Module _MobileBrowserSimulator has been bound to default_host.
[11/7/14 14:14:32:089 CET] 00000015 com.ibm.ws.http.internal.VirtualHostImpl                     A CWWKT0016I: Web application available (default_host): http://192.168.1.133:10080/_MobileBrowserSimulator/
[11/7/14 14:14:32:090 CET] 0000002e ingframework.context.support.FileSystemXmlApplicationContext I Refreshing org.springframework.context.support.FileSystemXmlApplicationContext@42127ae0: display name [org.springframework.context.support.FileSystemXmlApplicationContext@42127ae0]; startup date [Fri Nov 07 14:14:32 CET 2014]; root of context hierarchy
[11/7/14 14:14:32:108 CET] 00000015 com.ibm.ws.session.WASSessionCore                            I SESN0176I: A new session context will be created for application key default_host/_MobileBrowserSimulator
[11/7/14 14:14:32:108 CET] 00000015 com.ibm.ws.util                                              I SESN0172I: The session manager is using the Java default SecureRandom implementation for session ID generation.
[11/7/14 14:14:32:180 CET] 00000015 com.ibm.ws.app.manager.internal.statemachine.StartAction     A CWWKZ0001I: Application _MobileBrowserSimulator started in 0.176 seconds.
[11/7/14 14:14:32:199 CET] 00000015 com.ibm.ws.app.manager.internal.statemachine.StartAction     I CWWKZ0018I: Starting application _analytics.
[11/7/14 14:14:32:366 CET] 0000002e rg.springframework.beans.factory.xml.XmlBeanDefinitionReader I Loading XML bean definitions from URL [wsjar:file:/Users/Omar/Documents/workspace/WorklightServerConfig/shared/resources/worklight-jee-library-6.2.0.jar!/conf/spring-server-core.xml]
[11/7/14 14:14:32:510 CET] 0000002e rg.springframework.beans.factory.xml.XmlBeanDefinitionReader I Loading XML bean definitions from URL [wsjar:file:/Users/Omar/Documents/workspace/WorklightServerConfig/shared/resources/worklight-jee-library-6.2.0.jar!/conf/core.xml]
[11/7/14 14:14:32:550 CET] 0000002e rg.springframework.beans.factory.xml.XmlBeanDefinitionReader I Loading XML bean definitions from URL [wsjar:file:/Users/Omar/Documents/workspace/WorklightServerConfig/shared/resources/worklight-jee-library-6.2.0.jar!/conf/integration.xml]
[11/7/14 14:14:32:568 CET] 0000002e rg.springframework.beans.factory.xml.XmlBeanDefinitionReader I Loading XML bean definitions from URL [wsjar:file:/Users/Omar/Documents/workspace/WorklightServerConfig/shared/resources/worklight-jee-library-6.2.0.jar!/conf/gadgets.xml]
[11/7/14 14:14:32:585 CET] 0000002e rg.springframework.beans.factory.xml.XmlBeanDefinitionReader I Loading XML bean definitions from URL [wsjar:file:/Users/Omar/Documents/workspace/WorklightServerConfig/shared/resources/worklight-jee-library-6.2.0.jar!/conf/pushworks.xml]
[11/7/14 14:14:32:613 CET] 0000002e ngframework.beans.factory.support.DefaultListableBeanFactory I Overriding bean definition for bean 'gadgetCustomizedResourcesRoot': replacing [Generic bean: class [com.worklight.core.util.WorkingDirectory]; scope=singleton; abstract=false; lazyInit=false; autowireMode=0; dependencyCheck=0; autowireCandidate=true; primary=false; factoryBeanName=null; factoryMethodName=null; initMethodName=null; destroyMethodName=null; defined in URL [wsjar:file:/Users/Omar/Documents/workspace/WorklightServerConfig/shared/resources/worklight-jee-library-6.2.0.jar!/conf/gadgets.xml]] with [Generic bean: class [com.worklight.core.util.WorkingDirectory]; scope=singleton; abstract=false; lazyInit=false; autowireMode=0; dependencyCheck=0; autowireCandidate=true; primary=false; factoryBeanName=null; factoryMethodName=null; initMethodName=null; destroyMethodName=null; defined in URL [wsjar:file:/Users/Omar/Documents/workspace/WorklightServerConfig/shared/resources/worklight-jee-library-6.2.0.jar!/conf/spring-server-core.xml]]
[11/7/14 14:14:32:614 CET] 0000002e ngframework.beans.factory.support.DefaultListableBeanFactory I Overriding bean definition for bean 'gadgetResourcesRoot': replacing [Generic bean: class [com.worklight.core.util.WorkingDirectory]; scope=singleton; abstract=false; lazyInit=false; autowireMode=0; dependencyCheck=0; autowireCandidate=true; primary=false; factoryBeanName=null; factoryMethodName=null; initMethodName=null; destroyMethodName=null; defined in URL [wsjar:file:/Users/Omar/Documents/workspace/WorklightServerConfig/shared/resources/worklight-jee-library-6.2.0.jar!/conf/gadgets.xml]] with [Generic bean: class [com.worklight.core.util.WorkingDirectory]; scope=singleton; abstract=false; lazyInit=false; autowireMode=0; dependencyCheck=0; autowireCandidate=true; primary=false; factoryBeanName=null; factoryMethodName=null; initMethodName=null; destroyMethodName=null; defined in URL [wsjar:file:/Users/Omar/Documents/workspace/WorklightServerConfig/shared/resources/worklight-jee-library-6.2.0.jar!/conf/spring-server-core.xml]]
[11/7/14 14:14:32:623 CET] 0000002e ingframework.context.support.FileSystemXmlApplicationContext I Bean factory for application context [org.springframework.context.support.FileSystemXmlApplicationContext@42127ae0]: org.springframework.beans.factory.support.DefaultListableBeanFactory@4c5191dd
[11/7/14 14:14:33:002 CET] 0000002e ngframework.beans.factory.support.DefaultListableBeanFactory I Pre-instantiating singletons in org.springframework.beans.factory.support.DefaultListableBeanFactory@4c5191dd: defining beans [txManager,mailingService,WorkLightNotice,rssBrokerUtils,audit,GenericDAO,clusterSynchronizationDAO,taskCoordinator,taskManager,worklightAuthenticationService,authenticationDAO,ssoDAO,ssoExpiredLoginContextsCleanupTask,keyStoreManager,analyticsHttpService,invocationContextManager,dataAccessService,shellResourcesService,analyticsService,coreServiceManager,adapterManager,nodeProcessManager,adapterManagementService,factProcessingTask,PlatformUsageProcessingTask,notificationCleanupTask,WSSecurityService,gadgetDAO,deviceDAO,licenseTermsDAO,platformUsageService,configProfileService,gfwProps,gadgetEnvironmentManager,gadgetResourcesRoot,gadgetCustomizedResourcesRoot,applicationMetadataService,applicationManagementService,notificationsSimulationManager,pushServiceListener,PushService,worklight-direct,rssBrokerDS,brokerSessionFactory,reportService,reportsDS,reportsBrokerDS,reportsSessionFactory,gadgetReportsDAO,notificationReportsDao,gadgetReportsService,analyticsFactService,nodeInfo,registrationService,runtimeTransactionHandler,projectSyncService]; root of factory hierarchy
[11/7/14 14:14:36:530 CET] 0000002e hsqldb.db.HSQLDB498A646819.ENGINE                            I Checkpoint start
[11/7/14 14:14:36:531 CET] 0000002e hsqldb.db.HSQLDB498A646819.ENGINE                            I checkpointClose start
[11/7/14 14:14:36:540 CET] 0000002e hsqldb.db.HSQLDB498A646819.ENGINE                            I checkpointClose end
[11/7/14 14:14:36:544 CET] 0000002e hsqldb.db.HSQLDB498A646819.ENGINE                            I Checkpoint end
[11/7/14 14:14:36:706 CET] 0000002e ringframework.orm.jpa.LocalContainerEntityManagerFactoryBean I Building JPA container EntityManagerFactory for persistence unit 'WorklightPU'
[11/7/14 14:14:37:231 CET] 0000002e SystemErr                                                    R 147  WorklightPU  WARN   [Thread-18] openjpa.Runtime - An error occurred while registering a ClassTransformer with PersistenceUnitInfo: name 'WorklightPU', root URL [file:/Users/Omar/Documents/workspace/WorklightServerConfig/shared/resources/worklight-jee-library-6.2.0.jar]. The error has been consumed. To see it, set your openjpa.Runtime log level to TRACE. Load-time class transformation will not be available.
[11/7/14 14:14:39:044 CET] 0000002e SystemErr                                                    R 1961  WorklightPU  INFO   [Thread-18] openjpa.Runtime - Starting OpenJPA 1.2.2
[11/7/14 14:14:39:136 CET] 0000002e SystemErr                                                    R 2053  WorklightPU  INFO   [Thread-18] openjpa.jdbc.JDBC - Using dictionary class "org.apache.openjpa.jdbc.sql.HSQLDictionary".
[11/7/14 14:14:39:211 CET] 00000015 com.ibm.ws.webcontainer.osgi.webapp.WebGroup                 I SRVE0169I: Loading Web Module: analytics.
[11/7/14 14:14:39:212 CET] 00000015 com.ibm.ws.webcontainer                                      I SRVE0250I: Web Module analytics has been bound to default_host.
[11/7/14 14:14:39:212 CET] 00000015 com.ibm.ws.http.internal.VirtualHostImpl                     A CWWKT0016I: Web application available (default_host): http://192.168.1.133:10080/_analytics/
[11/7/14 14:14:39:345 CET] 00000015 com.ibm.ws.injectionengine.AbstractInjectionEngine           W CWNEN0070W: The javax.ws.rs.QueryParam annotation class will not be recognized because it was loaded from the null location rather than from a product class loader.
[11/7/14 14:14:39:346 CET] 00000015 com.ibm.ws.injectionengine.AbstractInjectionEngine           W CWNEN0070W: The javax.ws.rs.CookieParam annotation class will not be recognized because it was loaded from the null location rather than from a product class loader.
[11/7/14 14:14:39:348 CET] 00000015 com.ibm.ws.injectionengine.AbstractInjectionEngine           W CWNEN0070W: The javax.ws.rs.core.Context annotation class will not be recognized because it was loaded from the null location rather than from a product class loader.
[11/7/14 14:14:39:349 CET] 00000015 com.ibm.ws.injectionengine.AbstractInjectionEngine           W CWNEN0070W: The javax.ws.rs.PathParam annotation class will not be recognized because it was loaded from the null location rather than from a product class loader.
[11/7/14 14:14:39:350 CET] 00000015 com.ibm.ws.injectionengine.AbstractInjectionEngine           W CWNEN0070W: The javax.ws.rs.HeaderParam annotation class will not be recognized because it was loaded from the null location rather than from a product class loader.
[11/7/14 14:14:39:350 CET] 00000015 com.ibm.ws.injectionengine.AbstractInjectionEngine           W CWNEN0070W: The javax.ws.rs.MatrixParam annotation class will not be recognized because it was loaded from the null location rather than from a product class loader.
[11/7/14 14:14:39:396 CET] 00000015 com.ibm.ws.session.WASSessionCore                            I SESN0176I: A new session context will be created for application key default_host/_analytics
[11/7/14 14:14:39:396 CET] 00000015 com.ibm.ws.util                                              I SESN0172I: The session manager is using the Java default SecureRandom implementation for session ID generation.
[11/7/14 14:14:40:527 CET] 00000015 com.ibm.ws.app.manager.internal.statemachine.StartAction     A CWWKZ0001I: Application _analytics started in 8.327 seconds.
[11/7/14 14:14:40:573 CET] 00000015 com.ibm.ws.app.manager.internal.statemachine.StartAction     I CWWKZ0018I: Starting application WorklightServices.
[11/7/14 14:14:43:433 CET] 0000002e com.worklight.server.database.api.WorklightDataSource        I FWLSE0187I: jdbc/WorklightReportsDS data source is disabled. No connection opened.  [project ionicWorklight]
[11/7/14 14:14:43:444 CET] 00000015 com.ibm.ws.webcontainer.osgi.webapp.WebGroup                 I SRVE0169I: Loading Web Module: Worklight Administration Services.
[11/7/14 14:14:43:444 CET] 00000015 com.ibm.ws.webcontainer                                      I SRVE0250I: Web Module Worklight Administration Services has been bound to default_host.
[11/7/14 14:14:43:444 CET] 00000015 com.ibm.ws.http.internal.VirtualHostImpl                     A CWWKT0016I: Web application available (default_host): http://192.168.1.133:10080/worklightadmin/
[11/7/14 14:14:43:445 CET] 0000002e ringframework.orm.jpa.LocalContainerEntityManagerFactoryBean I Building JPA container EntityManagerFactory for persistence unit 'WorklightReportsPU'
[11/7/14 14:14:43:452 CET] 0000002e SystemErr                                                    R 1  WorklightReportsPU  WARN   [Thread-18] openjpa.Runtime - An error occurred while registering a ClassTransformer with PersistenceUnitInfo: name 'WorklightReportsPU', root URL [file:/Users/Omar/Documents/workspace/WorklightServerConfig/shared/resources/worklight-jee-library-6.2.0.jar]. The error has been consumed. To see it, set your openjpa.Runtime log level to TRACE. Load-time class transformation will not be available.
[11/7/14 14:14:43:481 CET] 0000002e com.worklight.report.impl.GadgetReportsServiceImpl           I FWLSE0186I: Application raw reports are disabled. [project ionicWorklight]
[11/7/14 14:14:43:526 CET] 00000015 com.ibm.ws.injectionengine.AbstractInjectionEngine           W CWNEN0070W: The javax.ws.rs.QueryParam annotation class will not be recognized because it was loaded from the null location rather than from a product class loader.
[11/7/14 14:14:43:527 CET] 00000015 com.ibm.ws.injectionengine.AbstractInjectionEngine           W CWNEN0070W: The javax.ws.rs.CookieParam annotation class will not be recognized because it was loaded from the null location rather than from a product class loader.
[11/7/14 14:14:43:529 CET] 00000015 com.ibm.ws.injectionengine.AbstractInjectionEngine           W CWNEN0070W: The javax.ws.rs.core.Context annotation class will not be recognized because it was loaded from the null location rather than from a product class loader.
[11/7/14 14:14:43:530 CET] 00000015 com.ibm.ws.injectionengine.AbstractInjectionEngine           W CWNEN0070W: The javax.ws.rs.PathParam annotation class will not be recognized because it was loaded from the null location rather than from a product class loader.
[11/7/14 14:14:43:531 CET] 00000015 com.ibm.ws.injectionengine.AbstractInjectionEngine           W CWNEN0070W: The javax.ws.rs.HeaderParam annotation class will not be recognized because it was loaded from the null location rather than from a product class loader.
[11/7/14 14:14:43:532 CET] 00000015 com.ibm.ws.injectionengine.AbstractInjectionEngine           W CWNEN0070W: The javax.ws.rs.MatrixParam annotation class will not be recognized because it was loaded from the null location rather than from a product class loader.
[11/7/14 14:14:43:564 CET] 00000015 com.ibm.ws.session.WASSessionCore                            I SESN0176I: A new session context will be created for application key default_host/worklightadmin
[11/7/14 14:14:43:564 CET] 00000015 com.ibm.ws.util                                              I SESN0172I: The session manager is using the Java default SecureRandom implementation for session ID generation.
[11/7/14 14:14:43:864 CET] 00000051 org.apache.wink.server.internal.servlet.RestServlet          I The system is using the com.ibm.elasticsearch.servlet.ElasticApplication JAX-RS application class that is named in the javax.ws.rs.Application init-param initialization parameter.
[11/7/14 14:14:44:197 CET] 00000015 com.ibm.ws.webcontainer.webapp                               I SRVE0292I: Servlet Message - [worklight-management-service]:.Initializing Spring root WebApplicationContext
[11/7/14 14:14:44:199 CET] 00000015 org.springframework.web.context.ContextLoader                I Root WebApplicationContext: initialization started
[11/7/14 14:14:44:207 CET] 0000002e com.worklight.common.util.jmx.LibertyJMXRegister             I FWLSE2008I: MBean registration succeeded for: com.worklight.common.server.jmx.api:type=ProjectManagement,qualifier=ionicWorklight [project ionicWorklight]
[11/7/14 14:14:44:251 CET] 0000002e SystemOut                                                    O Cleanup dir is /Users/Omar/Documents/workspace/WorklightServerConfig/servers/worklight/workarea/org.eclipse.osgi/bundles/75/data/temp/default_node/SMF_WebContainer/ionicWorklight/ionicWorklight/widget-resources
[11/7/14 14:14:44:265 CET] 0000002e com.worklight.common.util.jmx.LibertyRuntimeMBeanHandler     I Establishing REST connection to service:jmx:rest://localhost:10443/IBMJMXConnectorREST
[11/7/14 14:14:44:272 CET] 00000015 springframework.web.context.support.XmlWebApplicationContext I Refreshing org.springframework.web.context.support.XmlWebApplicationContext@56b161a: display name [Root WebApplicationContext]; startup date [Fri Nov 07 14:14:44 CET 2014]; root of context hierarchy
[11/7/14 14:14:44:286 CET] 00000051 apache.wink.server.internal.application.ApplicationProcessor I The following JAX-RS application has been processed: com.ibm.elasticsearch.servlet.ElasticApplication
[11/7/14 14:14:44:288 CET] 00000051 org.apache.wink.server.internal.log.Resources                I The server has registered the JAX-RS resource class com.ibm.elasticsearch.rest.Activities with @Path(/activities/{tenant}).
[11/7/14 14:14:44:288 CET] 00000051 org.apache.wink.server.internal.log.Resources                I The server has registered the JAX-RS resource class com.ibm.elasticsearch.rest.Dashboard with @Path(/dashboard/{tenant}).
[11/7/14 14:14:44:289 CET] 00000051 org.apache.wink.server.internal.log.Resources                I The server has registered the JAX-RS resource class com.ibm.elasticsearch.rest.Adapters with @Path(/adapters/{tenant}).
[11/7/14 14:14:44:289 CET] 00000051 org.apache.wink.server.internal.log.Resources                I The server has registered the JAX-RS resource class com.ibm.elasticsearch.rest.Servers with @Path(/servers/{tenant}).
[11/7/14 14:14:44:289 CET] 00000051 org.apache.wink.server.internal.log.Resources                I The server has registered the JAX-RS resource class com.ibm.elasticsearch.rest.Devices with @Path(/devices/{tenant}).
[11/7/14 14:14:44:289 CET] 00000051 org.apache.wink.server.internal.log.Resources                I The server has registered the JAX-RS resource class com.ibm.elasticsearch.rest.Search with @Path(/search/{tenant}).
[11/7/14 14:14:44:290 CET] 00000051 org.apache.wink.server.internal.log.Resources                I The server has registered the JAX-RS resource class com.ibm.elasticsearch.util.Export with @Path(/export/{tenant}).
[11/7/14 14:14:44:290 CET] 00000051 org.apache.wink.server.internal.log.Resources                I The server has registered the JAX-RS resource class com.ibm.elasticsearch.rest.Common with @Path(/common/{tenant}).
[11/7/14 14:14:44:290 CET] 00000051 org.apache.wink.server.internal.log.Resources                I The server has registered the JAX-RS resource class com.ibm.elasticsearch.config.MigrateData with @Path(/migrate).
[11/7/14 14:14:44:290 CET] 00000051 org.apache.wink.server.internal.log.Resources                I The server has registered the JAX-RS resource class com.ibm.elasticsearch.config.Config with @Path(/config).
[11/7/14 14:14:44:290 CET] 00000051 org.apache.wink.server.internal.log.Resources                I The server has registered the JAX-RS resource class com.ibm.elasticsearch.config.DeleteData with @Path(/delete).
[11/7/14 14:14:44:291 CET] 00000051 org.apache.wink.server.internal.log.Resources                I The server has registered the JAX-RS resource class com.ibm.elasticsearch.config.LoadTesting with @Path(/load).
[11/7/14 14:14:44:291 CET] 00000051 org.apache.wink.server.internal.log.Resources                I The server has registered the JAX-RS resource class com.ibm.elasticsearch.servlet.DataReceiver with @Path(/).
[11/7/14 14:14:44:294 CET] 00000051 org.apache.wink.server.internal.log.Providers                I The class org.codehaus.jackson.jaxrs.JacksonJaxbJsonProvider was registered as a JAX-RS MessageBodyReader provider for all Java types and application/json media types.
[11/7/14 14:14:44:294 CET] 00000051 org.apache.wink.server.internal.log.Providers                I The class org.codehaus.jackson.jaxrs.JacksonJaxbJsonProvider was registered as a JAX-RS MessageBodyReader provider for all Java types and text/json media types.
[11/7/14 14:14:44:294 CET] 00000051 org.apache.wink.server.internal.log.Providers                I The class org.codehaus.jackson.jaxrs.JacksonJaxbJsonProvider was registered as a JAX-RS MessageBodyWriter provider for all Java types and application/json media types.
[11/7/14 14:14:44:295 CET] 00000051 org.apache.wink.server.internal.log.Providers                I The class org.codehaus.jackson.jaxrs.JacksonJaxbJsonProvider was registered as a JAX-RS MessageBodyWriter provider for all Java types and text/json media types.
[11/7/14 14:14:44:337 CET] 00000015 rg.springframework.beans.factory.xml.XmlBeanDefinitionReader I Loading XML bean definitions from ServletContext resource [/WEB-INF/spring-management-service.xml]
[11/7/14 14:14:44:424 CET] 00000015 springframework.web.context.support.XmlWebApplicationContext I Bean factory for application context [org.springframework.web.context.support.XmlWebApplicationContext@56b161a]: org.springframework.beans.factory.support.DefaultListableBeanFactory@1a34e479
[11/7/14 14:14:44:458 CET] 00000051 com.ibm.ws.webcontainer.servlet                              I SRVE0242I: [_analytics] [/_analytics] [data]: Initialization successful.
[11/7/14 14:14:44:466 CET] 00000015 ngframework.beans.factory.support.DefaultListableBeanFactory I Pre-instantiating singletons in org.springframework.beans.factory.support.DefaultListableBeanFactory@1a34e479: defining beans [registrationServiceFactory]; root of factory hierarchy
[11/7/14 14:14:44:804 CET] 00000015 com.ibm.worklight.dataaccess.datastore.DataStoreUtil         I getWorklightDataSourceProperties Read properties file. allProperties: {ibm.worklight.admin.db.jndi.name=java:comp/env/jdbc/WorklightAdminDS}
[11/7/14 14:14:44:827 CET] 00000015 com.ibm.worklight.dataaccess.datastore.DataStoreUtil         I dereferenceProperties Handling propName=ibm.worklight.admin.db.jndi.name propValue=java:comp/env/jdbc/WorklightAdminDS
[11/7/14 14:14:44:827 CET] 00000015 com.ibm.worklight.dataaccess.datastore.DataStoreUtil         I dereferenceProperties Handling propName=ibm.worklight.admin.db.openjpa.Log propValue=
[11/7/14 14:14:44:827 CET] 00000015 com.ibm.worklight.dataaccess.datastore.DataStoreUtil         I dereferenceProperties Handling propName=ibm.worklight.admin.db.type propValue=
[11/7/14 14:14:45:309 CET] 00000015 com.ibm.ws.recoverylog.spi.RecoveryDirectorImpl              I CWRLS0010I: Performing recovery processing for local WebSphere server (Cell\Node\Server).
[11/7/14 14:14:45:350 CET] 0000006c com.ibm.ws.recoverylog.spi.LogHandle                         I CWRLS0007I: No existing recovery log files found in /Users/Omar/Documents/workspace/WorklightServerConfig/servers/worklight/tranlog//tranlog. Cold starting the recovery log.
[11/7/14 14:14:45:350 CET] 0000006c com.ibm.ws.recoverylog.spi.LogFileHandle                     I CWRLS0006I: Creating new recovery log file /Users/Omar/Documents/workspace/WorklightServerConfig/servers/worklight/tranlog//tranlog/log1.
[11/7/14 14:14:45:361 CET] 0000006c com.ibm.ws.recoverylog.spi.LogFileHandle                     I CWRLS0006I: Creating new recovery log file /Users/Omar/Documents/workspace/WorklightServerConfig/servers/worklight/tranlog//tranlog/log2.
[11/7/14 14:14:45:366 CET] 0000006c com.ibm.ws.recoverylog.spi.LogHandle                         I CWRLS0007I: No existing recovery log files found in /Users/Omar/Documents/workspace/WorklightServerConfig/servers/worklight/tranlog//partnerlog. Cold starting the recovery log.
[11/7/14 14:14:45:366 CET] 0000006c com.ibm.ws.recoverylog.spi.LogFileHandle                     I CWRLS0006I: Creating new recovery log file /Users/Omar/Documents/workspace/WorklightServerConfig/servers/worklight/tranlog//partnerlog/log1.
[11/7/14 14:14:45:367 CET] 0000006c com.ibm.ws.recoverylog.spi.LogFileHandle                     I CWRLS0006I: Creating new recovery log file /Users/Omar/Documents/workspace/WorklightServerConfig/servers/worklight/tranlog//partnerlog/log2.
[11/7/14 14:14:45:397 CET] 00000015 com.ibm.ws.recoverylog.spi.RecoveryDirectorImpl              I CWRLS0012I: All persistent services have been directed to perform recovery processing for this WebSphere server (Cell\Node\Server).
[11/7/14 14:14:45:432 CET] 0000006c com.ibm.tx.jta.impl.RecoveryManager                          I WTRN0135I: Transaction service recovering no transactions.
[11/7/14 14:14:47:480 CET] 00000015 com.ibm.ws.rsadapter.spi.InternalGenericDataStoreHelper      I DSRA8203I: Database product name : Apache Derby
[11/7/14 14:14:47:480 CET] 00000015 com.ibm.ws.rsadapter.spi.InternalGenericDataStoreHelper      I DSRA8204I: Database product version : 10.8.2.2 - (1181258)
[11/7/14 14:14:47:480 CET] 00000015 com.ibm.ws.rsadapter.spi.InternalGenericDataStoreHelper      I DSRA8205I: JDBC driver name  : Apache Derby Embedded JDBC Driver
[11/7/14 14:14:47:480 CET] 00000015 com.ibm.ws.rsadapter.spi.InternalGenericDataStoreHelper      I DSRA8206I: JDBC driver version  : 10.8.2.2 - (1181258)
[11/7/14 14:14:47:533 CET] 00000015 com.ibm.worklight.dataaccess.datastore.DataStore             I constructor Creating EntityManagerFactory for persistence-unit=WorklightManagementPU-derby with properties: {openjpa.ConnectionFactory=com.ibm.ws.rsadapter.jdbc.WSJdbcDataSource@5c8963de, openjpa.jdbc.SynchronizeMappings=buildSchema(SchemaAction='add')}
[11/7/14 14:14:48:066 CET] 00000015 com.worklight.common.util.jmx.LibertyJMXRegister             I FWLSE2008I: MBean registration succeeded for: com.worklight.common.server.jmx.api:type=WorklightAdmin,qualifier=worklightadmin
[11/7/14 14:14:48:075 CET] 00000015 SystemErr                                                    R 117  WorklightManagementPU-derby  INFO   [Scheduled Executor-thread-1] openjpa.Runtime - Starting OpenJPA 1.2.2
[11/7/14 14:14:48:328 CET] 00000015 SystemErr                                                    R 371  WorklightManagementPU-derby  INFO   [Scheduled Executor-thread-1] openjpa.jdbc.JDBC - Using dictionary class "org.apache.openjpa.jdbc.sql.DerbyDictionary" (Apache Derby 10.8.2.2 - (1181258) ,Apache Derby Embedded JDBC Driver 10.8.2.2 - (1181258)).
[11/7/14 14:14:50:687 CET] 00000015 SystemErr                                                    R 2729  WorklightManagementPU-derby  INFO   [Scheduled Executor-thread-1] openjpa.Runtime - Though you are using optimistic transactions, OpenJPA is now beginning a datastore transaction because you have requested a lock on some data.
[11/7/14 14:14:50:732 CET] 00000015 org.springframework.web.context.ContextLoader                I Root WebApplicationContext: initialization completed in 6532 ms
[11/7/14 14:14:50:734 CET] 00000015 ht.admin.listeners.WorklightManagementServletContextListener I Worklight admin servlet context listener initialized
[11/7/14 14:14:50:739 CET] 00000015 ht.admin.listeners.WorklightManagementServletContextListener I FWLSE3199I: ========= Worklight Admin Services version 6.2.0.01-20141027-1531 started.
[11/7/14 14:14:50:799 CET] 00000015 org.apache.wink.server.internal.servlet.RestServlet          I The system is using the com.ibm.worklight.admin.services.ManagementServiceServlet JAX-RS application class that is named in the javax.ws.rs.Application init-param initialization parameter.
[11/7/14 14:14:50:903 CET] 00000015 apache.wink.server.internal.application.ApplicationProcessor I The following JAX-RS application has been processed: com.ibm.worklight.admin.services.ManagementServiceServlet
[11/7/14 14:14:50:906 CET] 00000015 org.apache.wink.server.internal.log.Resources                I The server has registered the JAX-RS resource class com.ibm.worklight.admin.services.ManagementService with @Path(/).
[11/7/14 14:14:50:909 CET] 00000015 org.apache.wink.server.internal.log.Providers                I The class com.ibm.worklight.admin.util.ByteArrayWorkaroundProvider was registered as a JAX-RS MessageBodyReader provider for com.ibm.worklight.admin.util.ByteArrayWorkaround Java types and */* media types.
[11/7/14 14:14:50:909 CET] 00000015 org.apache.wink.server.internal.log.Providers                I The class com.ibm.worklight.admin.util.ByteArrayWorkaroundProvider was registered as a JAX-RS MessageBodyWriter provider for com.ibm.worklight.admin.util.ByteArrayWorkaround Java types and */* media types.
[11/7/14 14:14:51:050 CET] 00000015 com.ibm.ws.webcontainer.servlet                              I SRVE0242I: [WorklightServices] [/worklightadmin] [ManagementServlet]: Initialization successful.
[11/7/14 14:14:51:052 CET] 00000015 com.ibm.ws.app.manager.internal.statemachine.StartAction     A CWWKZ0001I: Application WorklightServices started in 10.479 seconds.
[11/7/14 14:14:51:131 CET] 00000015 com.ibm.ws.app.manager.internal.statemachine.StartAction     I CWWKZ0018I: Starting application WorklightConsole.
[11/7/14 14:14:51:187 CET] 00000082 com.ibm.worklight.admin.services.ManagementService           I ping service invoked to check if the HTTP(s) port is available
[11/7/14 14:14:51:245 CET] 00000085 SystemErr                                                    R 3443  WorklightManagementPU-derby  INFO   [LargeThreadPool-thread-71] openjpa.Runtime - Starting OpenJPA 1.2.2
[11/7/14 14:14:51:250 CET] 00000085 SystemErr                                                    R 3448  WorklightManagementPU-derby  INFO   [LargeThreadPool-thread-71] openjpa.jdbc.JDBC - Using dictionary class "org.apache.openjpa.jdbc.sql.DerbyDictionary" (Apache Derby 10.8.2.2 - (1181258) ,Apache Derby Embedded JDBC Driver 10.8.2.2 - (1181258)).
[11/7/14 14:14:52:267 CET] 00000015 com.ibm.ws.webcontainer.osgi.webapp.WebGroup                 I SRVE0169I: Loading Web Module: Worklight Console.
[11/7/14 14:14:52:267 CET] 00000015 com.ibm.ws.webcontainer                                      I SRVE0250I: Web Module Worklight Console has been bound to default_host.
[11/7/14 14:14:52:268 CET] 00000015 com.ibm.ws.http.internal.VirtualHostImpl                     A CWWKT0016I: Web application available (default_host): http://192.168.1.133:10080/worklightconsole/
[11/7/14 14:14:52:285 CET] 00000085 SystemErr                                                    R 4327  WorklightManagementPU-derby  INFO   [LargeThreadPool-thread-71] openjpa.Runtime - Though you are using optimistic transactions, OpenJPA is now beginning a datastore transaction because you have requested a lock on some data.
[11/7/14 14:14:52:301 CET] 00000015 com.ibm.ws.session.WASSessionCore                            I SESN0176I: A new session context will be created for application key default_host/worklightconsole
[11/7/14 14:14:52:301 CET] 00000015 com.ibm.ws.util                                              I SESN0172I: The session manager is using the Java default SecureRandom implementation for session ID generation.
[11/7/14 14:14:52:318 CET] 00000015 com.ibm.ws.webcontainer.servlet                              I SRVE0242I: [WorklightConsole] [/worklightconsole] [servicesServlet]: Initialization successful.
[11/7/14 14:14:52:320 CET] 00000015 com.ibm.ws.app.manager.internal.statemachine.StartAction     A CWWKZ0001I: Application WorklightConsole started in 1.189 seconds.
[11/7/14 14:14:52:353 CET] 00000019 com.ibm.ws.kernel.feature.internal.FeatureManager            I CWWKF0008I: Feature update completed in 29.543 seconds.
[11/7/14 14:14:52:354 CET] 00000019 com.ibm.ws.kernel.feature.internal.FeatureManager            A CWWKF0011I: The server worklight is ready to run a smarter planet.
[11/7/14 14:14:52:516 CET] 00000085 SystemErr                                                    R 4558  WorklightManagementPU-derby  INFO   [LargeThreadPool-thread-71] openjpa.Runtime - Though you are using optimistic transactions, OpenJPA is now beginning a datastore transaction because you have requested a lock on some data.
[11/7/14 14:14:52:906 CET] 0000008a SystemErr                                                    R 4949  WorklightManagementPU-derby  INFO   [LargeThreadPool-thread-75] openjpa.Runtime - Though you are using optimistic transactions, OpenJPA is now beginning a datastore transaction because you have requested a lock on some data.
[11/7/14 14:14:52:925 CET] 0000008a com.ibm.worklight.admin.jmx.ManagementMXBeanImpl             I Result: ionicWorklight: worklight///192.168.1.133: Runtime was synchronized successfully
[11/7/14 14:14:52:925 CET] 0000008a com.ibm.worklight.admin.jmx.ManagementMXBeanImpl             I ionicWorklight: worklight///192.168.1.133: 2014-11-07T13:14:52.890Z: Transaction handler reset
[11/7/14 14:14:52:933 CET] 0000002e com.worklight.core.init.WorklightServletInitializer          I FWLSE0247I: The ionicWorklight project initialization times were: start-firstReadyCheck=12, firstReadyCheck=823, ready for sync=6,128, sync=1,714 [project ionicWorklight]
[11/7/14 14:14:52:946 CET] 0000002e com.worklight.server.bundle.project.JeeProjectActivator      I FWLST0002I: ========= Project /ionicWorklight started. The project WAR file version is 6.2.0.01.20141027-1531,running on server version 6.2.0.01.20141027-1531. [project ionicWorklight]
[11/7/14 14:14:52:946 CET] 0000002e SystemOut                                                    O ================ End init of ionicWorklight  21114
[11/7/14 14:14:59:483 CET] 000000b9 com.ibm.worklight.dataaccess.datastore.DataStoreUtil         I getWorklightDataSourceProperties Read properties file. allProperties: {ibm.worklight.admin.db.jndi.name=java:comp/env/jdbc/WorklightAdminDS}
[11/7/14 14:14:59:487 CET] 000000b9 com.ibm.worklight.dataaccess.datastore.DataStoreUtil         I dereferenceProperties Handling propName=ibm.worklight.admin.db.jndi.name propValue=java:comp/env/jdbc/WorklightAdminDS
[11/7/14 14:14:59:487 CET] 000000b9 com.ibm.worklight.dataaccess.datastore.DataStoreUtil         I dereferenceProperties Handling propName=ibm.worklight.admin.db.openjpa.Log propValue=
[11/7/14 14:14:59:487 CET] 000000b9 com.ibm.worklight.dataaccess.datastore.DataStoreUtil         I dereferenceProperties Handling propName=ibm.worklight.admin.db.type propValue=
[11/7/14 14:14:59:489 CET] 000000b9 com.ibm.worklight.dataaccess.datastore.DataStore             I constructor Creating EntityManagerFactory for persistence-unit=WorklightManagementPU-derby with properties: {openjpa.ConnectionFactory=com.ibm.ws.rsadapter.jdbc.WSJdbcDataSource@4f8109d6, openjpa.jdbc.SynchronizeMappings=buildSchema(SchemaAction='add')}
[11/7/14 14:14:59:515 CET] 000000b9 SystemErr                                                    R 13  WorklightManagementPU-derby  INFO   [LargeThreadPool-thread-83] openjpa.Runtime - Starting OpenJPA 1.2.2
[11/7/14 14:14:59:516 CET] 000000b9 SystemErr                                                    R 14  WorklightManagementPU-derby  INFO   [LargeThreadPool-thread-83] openjpa.jdbc.JDBC - Using dictionary class "org.apache.openjpa.jdbc.sql.DerbyDictionary" (Apache Derby 10.8.2.2 - (1181258) ,Apache Derby Embedded JDBC Driver 10.8.2.2 - (1181258)).
[11/7/14 14:14:59:693 CET] 000000b9 com.worklight.common.util.jmx.LibertyRuntimeMBeanHandler     I Establishing REST connection to service:jmx:rest://localhost:10443/IBMJMXConnectorREST
[11/7/14 14:15:01:577 CET] 000000d0 SystemErr                                                    R 2063  WorklightManagementPU-derby  INFO   [LargeThreadPool-thread-103] openjpa.Runtime - Starting OpenJPA 1.2.2
[11/7/14 14:15:01:578 CET] 000000d0 SystemErr                                                    R 2064  WorklightManagementPU-derby  INFO   [LargeThreadPool-thread-103] openjpa.jdbc.JDBC - Using dictionary class "org.apache.openjpa.jdbc.sql.DerbyDictionary" (Apache Derby 10.8.2.2 - (1181258) ,Apache Derby Embedded JDBC Driver 10.8.2.2 - (1181258)).
[11/7/14 14:15:01:751 CET] 000000d0 SystemErr                                                    R 2236  WorklightManagementPU-derby  INFO   [LargeThreadPool-thread-103] openjpa.Runtime - Though you are using optimistic transactions, OpenJPA is now beginning a datastore transaction because you have requested a lock on some data.
[11/7/14 14:15:01:762 CET] 000000d0 SystemErr                                                    R 2247  WorklightManagementPU-derby  INFO   [LargeThreadPool-thread-103] openjpa.Runtime - Though you are using optimistic transactions, OpenJPA is now beginning a datastore transaction because you have requested a lock on some data.
[11/7/14 14:15:01:899 CET] 000000d0 SystemErr                                                    R 2384  WorklightManagementPU-derby  INFO   [LargeThreadPool-thread-103] openjpa.Runtime - Though you are using optimistic transactions, OpenJPA is now beginning a datastore transaction because you have requested a lock on some data.
[11/7/14 14:15:02:546 CET] 000000eb com.worklight.common.util.HttpUtil                           I FWLSE2014I: Downloading a worklight artifact from http://192.168.1.133:10080/worklightadmin/otu/1.0/414cffffffe51c3cfffffffa4c61ffffffa9ffffffd31a44154fffffff93ffffffdc/runtimes/ionicWorklight/downloads/applications/Temporary317569284/common/1.0 [project ionicWorklight]
[11/7/14 14:15:02:621 CET] 000000eb om.worklight.applications.deployers.base.EnvironmentDeployer I FWLSE0274I: Environment common deployed to directory '/Users/Omar/Documents/workspace/WorklightServerConfig/servers/worklight/workarea/org.eclipse.osgi/bundles/75/data/temp/default_node/SMF_WebContainer/ionicWorklight/ionicWorklight/widget-resources/ionicWorklight-common-126ac33bd14ec4abf01092fcc64c6cb51a4affdd' . [project ionicWorklight]
[11/7/14 14:15:02:734 CET] 000000d0 com.ibm.worklight.admin.actions.BaseTransaction              I Result: ionicWorklight: worklight///192.168.1.133: Preparation to deploy 'ionicWorklight' finished
[11/7/14 14:15:02:810 CET] 000000d0 com.ibm.worklight.admin.actions.BaseTransaction              I Result: ionicWorklight: worklight///192.168.1.133: Commit
[11/7/14 14:15:02:811 CET] 000000d0 com.ibm.worklight.admin.actions.BaseTransaction              I ionicWorklight: worklight///192.168.1.133: 2014-11-07T13:15:02.805Z: Application 'ionicWorklight' was updated
[11/7/14 14:15:02:991 CET] 000000d0 SystemErr                                                    R 3476  WorklightManagementPU-derby  INFO   [LargeThreadPool-thread-103] openjpa.Runtime - Though you are using optimistic transactions, OpenJPA is now beginning a datastore transaction because you have requested a lock on some data.
[11/7/14 14:15:03:266 CET] 000000fc com.ibm.ws.webcontainer.servlet                              I SRVE0242I: [ionicWorklight] [/ionicWorklight] [PreviewServlet]: Initialization successful.
[11/7/14 14:24:27:495 CET] 00000174 com.ibm.ws.http.internal.VirtualHostImpl                     A CWWKT0017I: Web application removed (default_host): http://192.168.1.133:10080/worklightconsole/
[11/7/14 14:24:27:497 CET] 00000174 com.ibm.ws.webcontainer.servlet                              I SRVE0253I: [WorklightConsole] [/worklightconsole] [servicesServlet]: Destroy successful.
[11/7/14 14:24:27:504 CET] 00000174 com.ibm.ws.app.manager.internal.statemachine.StopAction      A CWWKZ0009I: The application WorklightConsole has stopped successfully.
[11/7/14 14:24:27:510 CET] 00000174 com.ibm.ws.http.internal.VirtualHostImpl                     A CWWKT0017I: Web application removed (default_host): http://192.168.1.133:10080/ionicWorklight/
[11/7/14 14:24:27:512 CET] 00000174 com.ibm.ws.webcontainer.servlet                              I SRVE0253I: [ionicWorklight] [/ionicWorklight] [AuthorizationServer]: Destroy successful.
[11/7/14 14:24:27:512 CET] 00000174 com.ibm.ws.webcontainer.servlet                              I SRVE0253I: [ionicWorklight] [/ionicWorklight] [PreviewServlet]: Destroy successful.
[11/7/14 14:24:27:514 CET] 00000174 ingframework.context.support.FileSystemXmlApplicationContext I Closing org.springframework.context.support.FileSystemXmlApplicationContext@42127ae0: display name [org.springframework.context.support.FileSystemXmlApplicationContext@42127ae0]; startup date [Fri Nov 07 14:14:32 CET 2014]; root of context hierarchy
[11/7/14 14:24:27:515 CET] 00000174 ngframework.beans.factory.support.DefaultListableBeanFactory I Destroying singletons in org.springframework.beans.factory.support.DefaultListableBeanFactory@4c5191dd: defining beans [txManager,mailingService,WorkLightNotice,rssBrokerUtils,audit,GenericDAO,clusterSynchronizationDAO,taskCoordinator,taskManager,worklightAuthenticationService,authenticationDAO,ssoDAO,ssoExpiredLoginContextsCleanupTask,keyStoreManager,analyticsHttpService,invocationContextManager,dataAccessService,shellResourcesService,analyticsService,coreServiceManager,adapterManager,nodeProcessManager,adapterManagementService,factProcessingTask,PlatformUsageProcessingTask,notificationCleanupTask,WSSecurityService,gadgetDAO,deviceDAO,licenseTermsDAO,platformUsageService,configProfileService,gfwProps,gadgetEnvironmentManager,gadgetResourcesRoot,gadgetCustomizedResourcesRoot,applicationMetadataService,applicationManagementService,notificationsSimulationManager,pushServiceListener,PushService,worklight-direct,rssBrokerDS,brokerSessionFactory,reportService,reportsDS,reportsBrokerDS,reportsSessionFactory,gadgetReportsDAO,notificationReportsDao,gadgetReportsService,analyticsFactService,nodeInfo,registrationService,runtimeTransactionHandler,projectSyncService]; root of factory hierarchy
[11/7/14 14:24:27:517 CET] 00000174 ringframework.orm.jpa.LocalContainerEntityManagerFactoryBean I Closing JPA EntityManagerFactory for persistence unit 'WorklightReportsPU'
[11/7/14 14:24:27:521 CET] 00000174 ringframework.orm.jpa.LocalContainerEntityManagerFactoryBean I Closing JPA EntityManagerFactory for persistence unit 'WorklightPU'
[11/7/14 14:24:27:533 CET] 00000174 hsqldb.db.HSQLDB498A646819.ENGINE                            I Database closed
[11/7/14 14:24:27:640 CET] 00000174 com.worklight.server.bundle.project.JeeProjectActivator      I FWLST0004I: ========= Project /ionicWorklight stopped
[11/7/14 14:24:27:642 CET] 00000174 com.ibm.ws.app.manager.internal.statemachine.StopAction      A CWWKZ0009I: The application ionicWorklight has stopped successfully.
[11/7/14 14:24:27:650 CET] 00000174 com.ibm.ws.http.internal.VirtualHostImpl                     A CWWKT0017I: Web application removed (default_host): http://192.168.1.133:10080/_MobileBrowserSimulator/
[11/7/14 14:24:27:652 CET] 00000174 com.ibm.ws.app.manager.internal.statemachine.StopAction      A CWWKZ0009I: The application _MobileBrowserSimulator has stopped successfully.
[11/7/14 14:24:27:658 CET] 00000174 com.ibm.ws.http.internal.VirtualHostImpl                     A CWWKT0017I: Web application removed (default_host): http://192.168.1.133:10080/_analytics/
[11/7/14 14:24:27:659 CET] 00000174 com.ibm.ws.webcontainer.servlet                              I SRVE0253I: [_analytics] [/_analytics] [data]: Destroy successful.
[11/7/14 14:24:27:763 CET] 00000174 com.ibm.ws.app.manager.internal.statemachine.StopAction      A CWWKZ0009I: The application _analytics has stopped successfully.
[11/7/14 14:24:27:770 CET] 00000174 com.ibm.ws.http.internal.VirtualHostImpl                     A CWWKT0017I: Web application removed (default_host): http://192.168.1.133:10080/worklightadmin/
[11/7/14 14:24:27:772 CET] 00000174 com.ibm.ws.webcontainer.servlet                              I SRVE0253I: [WorklightServices] [/worklightadmin] [ManagementServlet]: Destroy successful.
[11/7/14 14:24:27:773 CET] 00000174 ht.admin.listeners.WorklightManagementServletContextListener I Worklight admin servlet context listener destroyed
[11/7/14 14:24:27:773 CET] 00000174 com.ibm.ws.webcontainer.webapp                               I SRVE0292I: Servlet Message - [worklight-management-service]:.Closing Spring root WebApplicationContext
[11/7/14 14:24:27:774 CET] 00000174 springframework.web.context.support.XmlWebApplicationContext I Closing org.springframework.web.context.support.XmlWebApplicationContext@56b161a: display name [Root WebApplicationContext]; startup date [Fri Nov 07 14:14:44 CET 2014]; root of context hierarchy
[11/7/14 14:24:27:775 CET] 00000174 ngframework.beans.factory.support.DefaultListableBeanFactory I Destroying singletons in org.springframework.beans.factory.support.DefaultListableBeanFactory@1a34e479: defining beans [registrationServiceFactory]; root of factory hierarchy
[11/7/14 14:24:27:777 CET] 00000174 com.ibm.ws.app.manager.internal.statemachine.StopAction      A CWWKZ0009I: The application WorklightServices has stopped successfully.
[11/7/14 14:24:27:819 CET] 00000141 com.ibm.ws.http.internal.VirtualHostImpl                     A CWWKT0017I: Web application removed (default_host): http://192.168.1.133:10080/IBMJMXConnectorREST/
[11/7/14 14:24:27:820 CET] 00000141 com.ibm.ws.webcontainer.servlet                              I SRVE0253I: [com.ibm.ws.jmx.connector.server.rest] [/IBMJMXConnectorREST] [MBeanServerConnector]: Destroy successful.
[11/7/14 14:24:28:035 CET] 00000174 com.ibm.tx.jta.impl.FailureScopeController                   A WTRN0105I: The transaction service has shutdown successfully with no transactions requiring recovery.
[11/7/14 14:24:28:100 CET] 00000174 com.ibm.ws.security.internal.SecurityReadyServiceImpl        I CWWKS0009I: The security service has stopped.
[11/7/14 14:24:28:325 CET] 00000174 com.ibm.ws.tcpchannel.internal.TCPChannel                    I CWWKO0220I: TCP Channel defaultHttpEndpoint-ssl has stopped listening for requests on host *  (IPv6) port 10443.
[11/7/14 14:24:28:353 CET] 00000141 com.ibm.ws.tcpchannel.internal.TCPChannel                    I CWWKO0220I: TCP Channel defaultHttpEndpoint has stopped listening for requests on host *  (IPv6) port 10080.
[11/7/14 14:24:28:618 CET] 00000001 com.ibm.ws.kernel.launch.internal.FrameworkManager           A CWWKE0036I: The server worklight stopped after 10 minutes, 10.264 seconds.
